
          -------------------------------------------------------
          Amber 20 PMEMD                              2020
          -------------------------------------------------------

| PMEMD implementation of SANDER, Release 18

|  Compiled date/time: Sun Jun 28 17:40:03 2020
| Run on 10/21/2024 at 15:23:58

|   Executable path: pmemd.cuda
| Working directory: /ix/lchong/lel178/torsion_scaling/amber_lambda/weha_epr/generate_initial_structures
|          Hostname: gpu-n16

  [-O]verwriting output

File Assignments:
|   MDIN: prod.in                                                               
|  MDOUT: prod4.out                                                             
| INPCRD: prod3.rst                                                             
|   PARM: modified.prmtop                                                       
| RESTRT: prod4.rst                                                             
|   REFC: refc                                                                  
|  MDVEL: mdvel                                                                 
|   MDEN: mden                                                                  
|  MDCRD: prod4.nc                                                              
| MDINFO: prod4.nfo                                                             
|  MDFRC: mdfrc                                                                 


 Here is the input file:

100 ns NPT production using Langevin thermostat and MC barostat                
&cntrl                                                                         
 irest   = 1,                                                                  
 ntx    = 5,                                                                   
 ig    = -1,                                                                   
 dt    = 0.002,                                                                
 nstlim  = 50000,                                                              
 nscm   = 500,                                                                 
 ntr    = 0,                                                                   
 ntb    = 2,                                                                   
 ntp    = 1,                                                                   
 barostat = 2,                                                                 
 pres0   = 1.0,                                                                
 mcbarint = 100,                                                               
 comp   = 44.6,                                                                
 taup   = 1.0,                                                                 
 ntt    = 3,                                                                   
 temp0   = 298.0,                                                              
 gamma_ln = 1.0,                                                               
 ntf    = 2,                                                                   
 ntc    = 2,                                                                   
 cut    = 10.0,                                                                
 ntpr   = 500,                                                                 
 ntxo   = 2,                                                                   
 ntwr   = 50000,                                                               
 ioutfm  = 1,                                                                  
 ntwx   = 5000,                                                                
 iwrap   = 1,                                                                  
&end                                                                           
                                                                               


Note: ig = -1. Setting random seed to   644720 based on wallclock time in 
      microseconds.
| irandom = 1, using AMBER's internal random number generator (default).
 
|--------------------- INFORMATION ----------------------
| GPU (CUDA) Version of PMEMD in use: NVIDIA GPU IN USE.
|                    Version 18.0.0
| 
|                      03/25/2018
| 
| Implementation by:
|                    Ross C. Walker     (SDSC)
|                    Scott Le Grand     (nVIDIA)
| 
| Version 18 performance extensions by:
|                    David Cerutti     (Rutgers)
| 
| Precision model in use:
|      [SPFP] - Single Precision Forces, 64-bit Fixed Point
|               Accumulation. (Default)
| 
|--------------------------------------------------------
 
|----------------- CITATION INFORMATION -----------------
|
|    When publishing work that utilized the CUDA version
|    of AMBER, please cite the following in addition to
|    the regular AMBER citations:
|
|  - Romelia Salomon-Ferrer; Andreas W. Goetz; Duncan
|    Poole; Scott Le Grand; Ross C. Walker "Routine
|    microsecond molecular dynamics simulations with
|    AMBER - Part II: Particle Mesh Ewald", J. Chem.
|    Theory Comput., 2013, 9 (9), pp3878-3888,
|    DOI: 10.1021/ct400314y.
|
|  - Andreas W. Goetz; Mark J. Williamson; Dong Xu;
|    Duncan Poole; Scott Le Grand; Ross C. Walker
|    "Routine microsecond molecular dynamics simulations
|    with AMBER - Part I: Generalized Born", J. Chem.
|    Theory Comput., 2012, 8 (5), pp1542-1555.
|
|  - Scott Le Grand; Andreas W. Goetz; Ross C. Walker
|    "SPFP: Speed without compromise - a mixed precision
|    model for GPU accelerated molecular dynamics
|    simulations.", Comp. Phys. Comm., 2013, 184
|    pp374-380, DOI: 10.1016/j.cpc.2012.09.022
|
|--------------------------------------------------------
 
|------------------- GPU DEVICE INFO --------------------
|
|            CUDA_VISIBLE_DEVICES: 0
|   CUDA Capable Devices Detected:      1
|           CUDA Device ID in use:      0
|                CUDA Device Name: NVIDIA GeForce GTX 1080 Ti
|     CUDA Device Global Mem Size:  11165 MB
| CUDA Device Num Multiprocessors:     28
|           CUDA Device Core Freq:   1.58 GHz
|
|--------------------------------------------------------
 
 
| Conditional Compilation Defines Used:
| PUBFFT
| BINTRAJ
| CUDA
| EMIL

| Largest sphere to fit in unit cell has radius =    34.663

| New format PARM file being parsed.
| Version =    1.000 Date = 03/03/22 Time = 12:44:41

| Note: 1-4 EEL scale factors are being read from the topology file.

| Note: 1-4 VDW scale factors are being read from the topology file.
| INFO:    Virtual site frames will be inferred from bonding patterns.
| Duplicated    0 dihedrals

| Duplicated    0 dihedrals

--------------------------------------------------------------------------------
   1.  RESOURCE   USE: 
--------------------------------------------------------------------------------

 getting box info from netcdf restart file
 NATOM  =   61840 NTYPES =      20 NBONH =   44555 MBONA  =   17315
 NTHETH =    8566 MTHETA =    5020 NPHIH =   16738 MPHIA  =   15674
 NHPARM =       0 NPARM  =       0 NNB   =  136319 NRES   =   14105
 NBONA  =   17315 NTHETA =    5020 NPHIA =   15674 NUMBND =      94
 NUMANG =     223 NPTRA  =     205 NATYP =      47 NPHB   =       0
 IFBOX  =       2 NMXRS  =      42 IFCAP =       0 NEXTRA =   13607
 NCOPY  =       0


| Coordinate Index Table dimensions:    13   13   13
| Direct force subcell size =     6.5312    6.5312    6.5312

     BOX TYPE: TRUNCATED OCTAHEDRON

--------------------------------------------------------------------------------
   2.  CONTROL  DATA  FOR  THE  RUN
--------------------------------------------------------------------------------

default_name                                                                    

General flags:
     imin    =       0, nmropt  =       0

Nature and format of input:
     ntx     =       5, irest   =       1, ntrx    =       1

Nature and format of output:
     ntxo    =       2, ntpr    =     500, ntrx    =       1, ntwr    =   50000
     iwrap   =       1, ntwx    =    5000, ntwv    =       0, ntwe    =       0
     ioutfm  =       1, ntwprt  =       0, idecomp =       0, rbornstat=      0

Potential function:
     ntf     =       2, ntb     =       2, igb     =       0, nsnb    =      25
     ipol    =       0, gbsa    =       0, iesp    =       0
     dielc   =   1.00000, cut     =  10.00000, intdiel =   1.00000

Frozen or restrained atoms:
     ibelly  =       0, ntr     =       0

Molecular dynamics:
     nstlim  =     50000, nscm    =       500, nrespa  =         1
     t       =   0.00000, dt      =   0.00200, vlimit  =  -1.00000

Langevin dynamics temperature regulation:
     ig      =  644720
     temp0   = 298.00000, tempi   =   0.00000, gamma_ln=   1.00000

Pressure regulation:
     ntp     =       1
     pres0   =   1.00000, comp    =  44.60000, taup    =   1.00000
     Monte-Carlo Barostat:
     mcbarint  =     100

SHAKE:
     ntc     =       2, jfastw  =       0
     tol     =   0.00001

| Intermolecular bonds treatment:
|     no_intermolecular_bonds =       1

| Energy averages sample interval:
|     ene_avg_sampling =     500

Extra-points options:
     frameon =       1, chngmask=       1

Ewald parameters:
     verbose =       0, ew_type =       0, nbflag  =       1, use_pme =       1
     vdwmeth =       1, eedmeth =       1, netfrc  =       1
     Box X =   84.906   Box Y =   84.906   Box Z =   84.906
     Alpha =  109.471   Beta  =  109.471   Gamma =  109.471
     NFFT1 =   96       NFFT2 =   96       NFFT3 =   96
     Cutoff=   10.000   Tol   =0.100E-04
     Ewald Coefficient =  0.27511
     Interpolation order =    4
|      EXTRA_PTS, trim_bonds: num bonds BEFORE trim = 44555     0
|      EXTRA_PTS, trim_bonds: num bonds AFTER  trim = 44555     0
|      EXTRA_PTS, trim_bonds: num bonds BEFORE trim = 17315     0
|      EXTRA_PTS, trim_bonds: num bonds AFTER  trim =  3708     0
|      EXTRA_PTS, trim_theta: num angle BEFORE trim =  8566     0
|      EXTRA_PTS, trim_theta: num angle AFTER  trim =  8566     0
|      EXTRA_PTS, trim_theta: num angle BEFORE trim =  5020     0
|      EXTRA_PTS, trim_theta: num angle AFTER  trim =  5020     0
|      EXTRA_PTS, trim_phi:  num diheds BEFORE trim = 16738     0
|      EXTRA_PTS, trim_phi:  num diheds AFTER  trim = 16738     0
|      EXTRA_PTS, trim_phi:  num diheds BEFORE trim = 15674     0
|      EXTRA_PTS, trim_phi:  num diheds AFTER  trim = 15674     0
| MONTE CARLO BAROSTAT IMPORTANT NOTE:
|   The Monte-Carlo barostat does not require the virial to adjust the system volume.
|   Since it is an expensive calculation, it is skipped for efficiency. A side-effect
|   is that the reported pressure is always 0 because it is not calculated.

--------------------------------------------------------------------------------
   3.  ATOMIC COORDINATES AND VELOCITIES
--------------------------------------------------------------------------------

default_name                                                                    
 begin time read from input coords =918019.993 ps

 
 Number of triangulated 3-point waters found:    13607

     Sum of charges from parm topology file =   0.00007849
     Forcing neutrality...

| Dynamic Memory, Types Used:
| Reals             2571942
| Integers          4751338

| Nonbonded Pairs Initial Allocation:    18705054

| GPU memory information (estimate):
| KB of GPU memory in use:    486351
| KB of CPU memory in use:    117075

--------------------------------------------------------------------------------
   4.  RESULTS
--------------------------------------------------------------------------------


 NSTEP =      500   TIME(PS) =  918020.993  TEMP(K) =   297.27  PRESS =     0.0
 Etot   =   -170735.4184  EKtot   =     29579.0742  EPtot      =   -200314.4926
 BOND   =      1428.0196  ANGLE   =      3898.2267  DIHED      =      2291.1891
 UB     =         0.0000  IMP     =         0.0000  CMAP       =       359.8253
 1-4 NB =      1444.1915  1-4 EEL =     18839.3762  VDWAALS    =     34315.9504
 EELEC  =   -262891.2714  EHBOND  =         0.0000  RESTRAINT  =         0.0000
 EKCMT  =         0.0000  VIRIAL  =         0.0000  VOLUME     =    471203.5794
                                                    Density    =         1.0512
 ------------------------------------------------------------------------------

| MC Barostat: Decreasing size of volume moves

 NSTEP =     1000   TIME(PS) =  918021.993  TEMP(K) =   297.70  PRESS =     0.0
 Etot   =   -170832.4015  EKtot   =     29622.3477  EPtot      =   -200454.7491
 BOND   =      1433.0453  ANGLE   =      3923.0323  DIHED      =      2283.3475
 UB     =         0.0000  IMP     =         0.0000  CMAP       =       367.1231
 1-4 NB =      1430.1825  1-4 EEL =     18824.6675  VDWAALS    =     34510.3813
 EELEC  =   -263226.5289  EHBOND  =         0.0000  RESTRAINT  =         0.0000
 EKCMT  =         0.0000  VIRIAL  =         0.0000  VOLUME     =    471203.5794
                                                    Density    =         1.0512
 ------------------------------------------------------------------------------


 NSTEP =     1500   TIME(PS) =  918022.993  TEMP(K) =   298.52  PRESS =     0.0
 Etot   =   -170805.6582  EKtot   =     29703.5762  EPtot      =   -200509.2344
 BOND   =      1412.6018  ANGLE   =      3841.3556  DIHED      =      2340.7705
 UB     =         0.0000  IMP     =         0.0000  CMAP       =       357.1180
 1-4 NB =      1457.5984  1-4 EEL =     18790.3042  VDWAALS    =     34470.6413
 EELEC  =   -263179.6243  EHBOND  =         0.0000  RESTRAINT  =         0.0000
 EKCMT  =         0.0000  VIRIAL  =         0.0000  VOLUME     =    471203.5794
                                                    Density    =         1.0512
 ------------------------------------------------------------------------------

| MC Barostat: Decreasing size of volume moves

 NSTEP =     2000   TIME(PS) =  918023.993  TEMP(K) =   299.41  PRESS =     0.0
 Etot   =   -170733.5081  EKtot   =     29792.3887  EPtot      =   -200525.8968
 BOND   =      1397.1677  ANGLE   =      3919.5276  DIHED      =      2306.0213
 UB     =         0.0000  IMP     =         0.0000  CMAP       =       379.0897
 1-4 NB =      1425.9287  1-4 EEL =     18811.8884  VDWAALS    =     34289.3442
 EELEC  =   -263054.8644  EHBOND  =         0.0000  RESTRAINT  =         0.0000
 EKCMT  =         0.0000  VIRIAL  =         0.0000  VOLUME     =    471203.5794
                                                    Density    =         1.0512
 ------------------------------------------------------------------------------


 NSTEP =     2500   TIME(PS) =  918024.993  TEMP(K) =   298.20  PRESS =     0.0
 Etot   =   -170770.3491  EKtot   =     29671.9043  EPtot      =   -200442.2534
 BOND   =      1396.5352  ANGLE   =      3933.0618  DIHED      =      2332.2688
 UB     =         0.0000  IMP     =         0.0000  CMAP       =       370.0446
 1-4 NB =      1448.9000  1-4 EEL =     18864.4789  VDWAALS    =     34234.4966
 EELEC  =   -263022.0392  EHBOND  =         0.0000  RESTRAINT  =         0.0000
 EKCMT  =         0.0000  VIRIAL  =         0.0000  VOLUME     =    471203.5794
                                                    Density    =         1.0512
 ------------------------------------------------------------------------------

| MC Barostat: Decreasing size of volume moves

 NSTEP =     3000   TIME(PS) =  918025.993  TEMP(K) =   297.94  PRESS =     0.0
 Etot   =   -170857.5576  EKtot   =     29646.0430  EPtot      =   -200503.6006
 BOND   =      1418.6510  ANGLE   =      3929.4816  DIHED      =      2304.4372
 UB     =         0.0000  IMP     =         0.0000  CMAP       =       362.4071
 1-4 NB =      1469.2836  1-4 EEL =     18832.5670  VDWAALS    =     34619.2472
 EELEC  =   -263439.6753  EHBOND  =         0.0000  RESTRAINT  =         0.0000
 EKCMT  =         0.0000  VIRIAL  =         0.0000  VOLUME     =    471203.5794
                                                    Density    =         1.0512
 ------------------------------------------------------------------------------


 NSTEP =     3500   TIME(PS) =  918026.993  TEMP(K) =   298.37  PRESS =     0.0
 Etot   =   -170793.3289  EKtot   =     29688.4668  EPtot      =   -200481.7957
 BOND   =      1374.4081  ANGLE   =      3850.8854  DIHED      =      2291.7208
 UB     =         0.0000  IMP     =         0.0000  CMAP       =       361.9893
 1-4 NB =      1440.1196  1-4 EEL =     18827.3070  VDWAALS    =     34433.4644
 EELEC  =   -263061.6902  EHBOND  =         0.0000  RESTRAINT  =         0.0000
 EKCMT  =         0.0000  VIRIAL  =         0.0000  VOLUME     =    471564.0190
                                                    Density    =         1.0504
 ------------------------------------------------------------------------------

| MC Barostat: Decreasing size of volume moves

 NSTEP =     4000   TIME(PS) =  918027.993  TEMP(K) =   297.05  PRESS =     0.0
 Etot   =   -170784.9916  EKtot   =     29557.4629  EPtot      =   -200342.4544
 BOND   =      1331.7785  ANGLE   =      3799.3011  DIHED      =      2292.9237
 UB     =         0.0000  IMP     =         0.0000  CMAP       =       362.5043
 1-4 NB =      1437.7678  1-4 EEL =     18869.5005  VDWAALS    =     34475.2028
 EELEC  =   -262911.4332  EHBOND  =         0.0000  RESTRAINT  =         0.0000
 EKCMT  =         0.0000  VIRIAL  =         0.0000  VOLUME     =    471564.0190
                                                    Density    =         1.0504
 ------------------------------------------------------------------------------


 NSTEP =     4500   TIME(PS) =  918028.993  TEMP(K) =   299.23  PRESS =     0.0
 Etot   =   -170588.8348  EKtot   =     29773.8945  EPtot      =   -200362.7293
 BOND   =      1426.6216  ANGLE   =      3858.2085  DIHED      =      2271.8506
 UB     =         0.0000  IMP     =         0.0000  CMAP       =       386.0099
 1-4 NB =      1397.0875  1-4 EEL =     18803.5431  VDWAALS    =     34468.9656
 EELEC  =   -262975.0163  EHBOND  =         0.0000  RESTRAINT  =         0.0000
 EKCMT  =         0.0000  VIRIAL  =         0.0000  VOLUME     =    471564.0190
                                                    Density    =         1.0504
 ------------------------------------------------------------------------------

| MC Barostat: Decreasing size of volume moves
wrapping first mol.:       56.61910       80.07149        0.00000

 NSTEP =     5000   TIME(PS) =  918029.993  TEMP(K) =   298.37  PRESS =     0.0
 Etot   =   -170564.6122  EKtot   =     29688.7324  EPtot      =   -200253.3446
 BOND   =      1337.6497  ANGLE   =      3870.9604  DIHED      =      2237.1067
 UB     =         0.0000  IMP     =         0.0000  CMAP       =       356.8111
 1-4 NB =      1446.5286  1-4 EEL =     18823.3200  VDWAALS    =     34665.1726
 EELEC  =   -262990.8938  EHBOND  =         0.0000  RESTRAINT  =         0.0000
 EKCMT  =         0.0000  VIRIAL  =         0.0000  VOLUME     =    471564.0190
                                                    Density    =         1.0504
 ------------------------------------------------------------------------------


 NSTEP =     5500   TIME(PS) =  918030.993  TEMP(K) =   298.53  PRESS =     0.0
 Etot   =   -170716.4047  EKtot   =     29704.3691  EPtot      =   -200420.7738
 BOND   =      1370.5449  ANGLE   =      3837.5757  DIHED      =      2318.4096
 UB     =         0.0000  IMP     =         0.0000  CMAP       =       370.8870
 1-4 NB =      1460.4744  1-4 EEL =     18801.6982  VDWAALS    =     34001.1481
 EELEC  =   -262581.5117  EHBOND  =         0.0000  RESTRAINT  =         0.0000
 EKCMT  =         0.0000  VIRIAL  =         0.0000  VOLUME     =    471582.4666
                                                    Density    =         1.0504
 ------------------------------------------------------------------------------

| MC Barostat: Decreasing size of volume moves

 NSTEP =     6000   TIME(PS) =  918031.993  TEMP(K) =   299.69  PRESS =     0.0
 Etot   =   -170460.1305  EKtot   =     29820.2246  EPtot      =   -200280.3551
 BOND   =      1418.9160  ANGLE   =      3876.1588  DIHED      =      2292.7179
 UB     =         0.0000  IMP     =         0.0000  CMAP       =       369.3398
 1-4 NB =      1445.5200  1-4 EEL =     18870.8603  VDWAALS    =     34241.0406
 EELEC  =   -262794.9085  EHBOND  =         0.0000  RESTRAINT  =         0.0000
 EKCMT  =         0.0000  VIRIAL  =         0.0000  VOLUME     =    471360.5409
                                                    Density    =         1.0509
 ------------------------------------------------------------------------------


 NSTEP =     6500   TIME(PS) =  918032.993  TEMP(K) =   298.38  PRESS =     0.0
 Etot   =   -170860.1307  EKtot   =     29689.5859  EPtot      =   -200549.7167
 BOND   =      1405.3881  ANGLE   =      3916.0620  DIHED      =      2244.6206
 UB     =         0.0000  IMP     =         0.0000  CMAP       =       392.8717
 1-4 NB =      1410.9615  1-4 EEL =     18746.8930  VDWAALS    =     34830.2303
 EELEC  =   -263496.7438  EHBOND  =         0.0000  RESTRAINT  =         0.0000
 EKCMT  =         0.0000  VIRIAL  =         0.0000  VOLUME     =    471360.5409
                                                    Density    =         1.0509
 ------------------------------------------------------------------------------

| MC Barostat: Decreasing size of volume moves

 NSTEP =     7000   TIME(PS) =  918033.993  TEMP(K) =   297.10  PRESS =     0.0
 Etot   =   -171088.6827  EKtot   =     29562.0508  EPtot      =   -200650.7335
 BOND   =      1342.7280  ANGLE   =      3878.2606  DIHED      =      2292.6060
 UB     =         0.0000  IMP     =         0.0000  CMAP       =       368.0530
 1-4 NB =      1441.7010  1-4 EEL =     18868.3356  VDWAALS    =     34803.7986
 EELEC  =   -263646.2164  EHBOND  =         0.0000  RESTRAINT  =         0.0000
 EKCMT  =         0.0000  VIRIAL  =         0.0000  VOLUME     =    471360.5409
                                                    Density    =         1.0509
 ------------------------------------------------------------------------------


 NSTEP =     7500   TIME(PS) =  918034.993  TEMP(K) =   298.10  PRESS =     0.0
 Etot   =   -170818.0285  EKtot   =     29661.7305  EPtot      =   -200479.7590
 BOND   =      1365.5578  ANGLE   =      3927.4540  DIHED      =      2319.0072
 UB     =         0.0000  IMP     =         0.0000  CMAP       =       380.3381
 1-4 NB =      1435.7812  1-4 EEL =     18813.8925  VDWAALS    =     34815.7765
 EELEC  =   -263537.5662  EHBOND  =         0.0000  RESTRAINT  =         0.0000
 EKCMT  =         0.0000  VIRIAL  =         0.0000  VOLUME     =    471360.5409
                                                    Density    =         1.0509
 ------------------------------------------------------------------------------

| MC Barostat: Decreasing size of volume moves

 NSTEP =     8000   TIME(PS) =  918035.993  TEMP(K) =   297.32  PRESS =     0.0
 Etot   =   -170833.7086  EKtot   =     29584.3379  EPtot      =   -200418.0465
 BOND   =      1375.9095  ANGLE   =      3999.7708  DIHED      =      2266.7239
 UB     =         0.0000  IMP     =         0.0000  CMAP       =       371.9650
 1-4 NB =      1410.7892  1-4 EEL =     18757.6725  VDWAALS    =     34700.3153
 EELEC  =   -263301.1928  EHBOND  =         0.0000  RESTRAINT  =         0.0000
 EKCMT  =         0.0000  VIRIAL  =         0.0000  VOLUME     =    471360.5409
                                                    Density    =         1.0509
 ------------------------------------------------------------------------------


 NSTEP =     8500   TIME(PS) =  918036.993  TEMP(K) =   298.03  PRESS =     0.0
 Etot   =   -171036.1063  EKtot   =     29655.1543  EPtot      =   -200691.2606
 BOND   =      1407.7807  ANGLE   =      3810.4471  DIHED      =      2268.3458
 UB     =         0.0000  IMP     =         0.0000  CMAP       =       376.8573
 1-4 NB =      1439.2862  1-4 EEL =     18828.2382  VDWAALS    =     34671.8689
 EELEC  =   -263494.0848  EHBOND  =         0.0000  RESTRAINT  =         0.0000
 EKCMT  =         0.0000  VIRIAL  =         0.0000  VOLUME     =    471360.5409
                                                    Density    =         1.0509
 ------------------------------------------------------------------------------

| MC Barostat: Decreasing size of volume moves

 NSTEP =     9000   TIME(PS) =  918037.993  TEMP(K) =   297.24  PRESS =     0.0
 Etot   =   -170960.6074  EKtot   =     29575.7363  EPtot      =   -200536.3437
 BOND   =      1389.2283  ANGLE   =      3935.7805  DIHED      =      2260.5919
 UB     =         0.0000  IMP     =         0.0000  CMAP       =       394.0115
 1-4 NB =      1430.7321  1-4 EEL =     18864.9299  VDWAALS    =     34812.4189
 EELEC  =   -263624.0368  EHBOND  =         0.0000  RESTRAINT  =         0.0000
 EKCMT  =         0.0000  VIRIAL  =         0.0000  VOLUME     =    471829.0479
                                                    Density    =         1.0499
 ------------------------------------------------------------------------------


 NSTEP =     9500   TIME(PS) =  918038.993  TEMP(K) =   296.27  PRESS =     0.0
 Etot   =   -170954.4437  EKtot   =     29479.2949  EPtot      =   -200433.7386
 BOND   =      1375.3641  ANGLE   =      3915.5594  DIHED      =      2265.8097
 UB     =         0.0000  IMP     =         0.0000  CMAP       =       392.3641
 1-4 NB =      1422.6716  1-4 EEL =     18849.6530  VDWAALS    =     34521.0884
 EELEC  =   -263176.2489  EHBOND  =         0.0000  RESTRAINT  =         0.0000
 EKCMT  =         0.0000  VIRIAL  =         0.0000  VOLUME     =    471939.6917
                                                    Density    =         1.0496
 ------------------------------------------------------------------------------

| MC Barostat: Decreasing size of volume moves
wrapping first mol.:       56.63413       80.09275        0.00000

 NSTEP =    10000   TIME(PS) =  918039.993  TEMP(K) =   296.11  PRESS =     0.0
 Etot   =   -171018.8182  EKtot   =     29463.7129  EPtot      =   -200482.5311
 BOND   =      1394.6238  ANGLE   =      3902.6867  DIHED      =      2301.3555
 UB     =         0.0000  IMP     =         0.0000  CMAP       =       388.1272
 1-4 NB =      1423.1196  1-4 EEL =     18856.0008  VDWAALS    =     34506.5069
 EELEC  =   -263254.9517  EHBOND  =         0.0000  RESTRAINT  =         0.0000
 EKCMT  =         0.0000  VIRIAL  =         0.0000  VOLUME     =    471939.6917
                                                    Density    =         1.0496
 ------------------------------------------------------------------------------


 NSTEP =    10500   TIME(PS) =  918040.993  TEMP(K) =   297.12  PRESS =     0.0
 Etot   =   -171120.1072  EKtot   =     29564.1875  EPtot      =   -200684.2947
 BOND   =      1376.3384  ANGLE   =      3824.8027  DIHED      =      2290.8439
 UB     =         0.0000  IMP     =         0.0000  CMAP       =       379.1824
 1-4 NB =      1430.5922  1-4 EEL =     18894.8192  VDWAALS    =     34458.4588
 EELEC  =   -263339.3323  EHBOND  =         0.0000  RESTRAINT  =         0.0000
 EKCMT  =         0.0000  VIRIAL  =         0.0000  VOLUME     =    471939.6917
                                                    Density    =         1.0496
 ------------------------------------------------------------------------------

| MC Barostat: Decreasing size of volume moves

 NSTEP =    11000   TIME(PS) =  918041.993  TEMP(K) =   297.17  PRESS =     0.0
 Etot   =   -171027.2491  EKtot   =     29569.3594  EPtot      =   -200596.6085
 BOND   =      1394.0557  ANGLE   =      3852.1376  DIHED      =      2278.9031
 UB     =         0.0000  IMP     =         0.0000  CMAP       =       367.6997
 1-4 NB =      1432.3440  1-4 EEL =     18881.6861  VDWAALS    =     34322.9891
 EELEC  =   -263126.4236  EHBOND  =         0.0000  RESTRAINT  =         0.0000
 EKCMT  =         0.0000  VIRIAL  =         0.0000  VOLUME     =    471939.6917
                                                    Density    =         1.0496
 ------------------------------------------------------------------------------


 NSTEP =    11500   TIME(PS) =  918042.993  TEMP(K) =   296.48  PRESS =     0.0
 Etot   =   -171157.6097  EKtot   =     29500.1289  EPtot      =   -200657.7386
 BOND   =      1371.4320  ANGLE   =      3871.9950  DIHED      =      2281.4149
 UB     =         0.0000  IMP     =         0.0000  CMAP       =       364.7958
 1-4 NB =      1413.2717  1-4 EEL =     18816.1274  VDWAALS    =     34562.1736
 EELEC  =   -263338.9491  EHBOND  =         0.0000  RESTRAINT  =         0.0000
 EKCMT  =         0.0000  VIRIAL  =         0.0000  VOLUME     =    471768.4792
                                                    Density    =         1.0500
 ------------------------------------------------------------------------------


 NSTEP =    12000   TIME(PS) =  918043.993  TEMP(K) =   297.44  PRESS =     0.0
 Etot   =   -170974.9735  EKtot   =     29596.1523  EPtot      =   -200571.1258
 BOND   =      1405.8258  ANGLE   =      3816.2467  DIHED      =      2254.9917
 UB     =         0.0000  IMP     =         0.0000  CMAP       =       377.7456
 1-4 NB =      1418.1690  1-4 EEL =     18840.7771  VDWAALS    =     34561.2816
 EELEC  =   -263246.1632  EHBOND  =         0.0000  RESTRAINT  =         0.0000
 EKCMT  =         0.0000  VIRIAL  =         0.0000  VOLUME     =    473094.2832
                                                    Density    =         1.0470
 ------------------------------------------------------------------------------


 NSTEP =    12500   TIME(PS) =  918044.993  TEMP(K) =   298.43  PRESS =     0.0
 Etot   =   -170939.7515  EKtot   =     29695.0449  EPtot      =   -200634.7964
 BOND   =      1342.9080  ANGLE   =      3955.3589  DIHED      =      2277.6681
 UB     =         0.0000  IMP     =         0.0000  CMAP       =       385.8859
 1-4 NB =      1407.2559  1-4 EEL =     18862.5778  VDWAALS    =     34421.1160
 EELEC  =   -263287.5670  EHBOND  =         0.0000  RESTRAINT  =         0.0000
 EKCMT  =         0.0000  VIRIAL  =         0.0000  VOLUME     =    472637.9022
                                                    Density    =         1.0481
 ------------------------------------------------------------------------------

| MC Barostat: Decreasing size of volume moves

 NSTEP =    13000   TIME(PS) =  918045.993  TEMP(K) =   297.56  PRESS =     0.0
 Etot   =   -170730.4442  EKtot   =     29607.8574  EPtot      =   -200338.3016
 BOND   =      1345.8979  ANGLE   =      3850.3297  DIHED      =      2307.6719
 UB     =         0.0000  IMP     =         0.0000  CMAP       =       364.8126
 1-4 NB =      1427.3025  1-4 EEL =     18856.6445  VDWAALS    =     34486.7337
 EELEC  =   -262977.6943  EHBOND  =         0.0000  RESTRAINT  =         0.0000
 EKCMT  =         0.0000  VIRIAL  =         0.0000  VOLUME     =    472637.9022
                                                    Density    =         1.0481
 ------------------------------------------------------------------------------


 NSTEP =    13500   TIME(PS) =  918046.993  TEMP(K) =   295.52  PRESS =     0.0
 Etot   =   -170985.0898  EKtot   =     29405.1211  EPtot      =   -200390.2109
 BOND   =      1371.1621  ANGLE   =      3937.6221  DIHED      =      2251.7251
 UB     =         0.0000  IMP     =         0.0000  CMAP       =       382.0093
 1-4 NB =      1435.3198  1-4 EEL =     18886.2900  VDWAALS    =     34364.4684
 EELEC  =   -263018.8076  EHBOND  =         0.0000  RESTRAINT  =         0.0000
 EKCMT  =         0.0000  VIRIAL  =         0.0000  VOLUME     =    472148.9379
                                                    Density    =         1.0491
 ------------------------------------------------------------------------------


 NSTEP =    14000   TIME(PS) =  918047.993  TEMP(K) =   297.86  PRESS =     0.0
 Etot   =   -170822.3092  EKtot   =     29637.9102  EPtot      =   -200460.2193
 BOND   =      1375.2792  ANGLE   =      3870.6797  DIHED      =      2305.0358
 UB     =         0.0000  IMP     =         0.0000  CMAP       =       385.5643
 1-4 NB =      1426.3104  1-4 EEL =     18879.5075  VDWAALS    =     34526.0712
 EELEC  =   -263228.6674  EHBOND  =         0.0000  RESTRAINT  =         0.0000
 EKCMT  =         0.0000  VIRIAL  =         0.0000  VOLUME     =    472040.9085
                                                    Density    =         1.0494
 ------------------------------------------------------------------------------


 NSTEP =    14500   TIME(PS) =  918048.993  TEMP(K) =   296.78  PRESS =     0.0
 Etot   =   -171136.0580  EKtot   =     29530.6934  EPtot      =   -200666.7513
 BOND   =      1390.2862  ANGLE   =      3882.7185  DIHED      =      2290.2291
 UB     =         0.0000  IMP     =         0.0000  CMAP       =       355.0235
 1-4 NB =      1449.8793  1-4 EEL =     18915.7452  VDWAALS    =     34637.1377
 EELEC  =   -263587.7708  EHBOND  =         0.0000  RESTRAINT  =         0.0000
 EKCMT  =         0.0000  VIRIAL  =         0.0000  VOLUME     =    472221.3279
                                                    Density    =         1.0490
 ------------------------------------------------------------------------------

| MC Barostat: Decreasing size of volume moves
wrapping first mol.:       56.64539       80.10868        0.00000

 NSTEP =    15000   TIME(PS) =  918049.993  TEMP(K) =   297.72  PRESS =     0.0
 Etot   =   -170904.4333  EKtot   =     29624.1152  EPtot      =   -200528.5485
 BOND   =      1386.1108  ANGLE   =      3787.1661  DIHED      =      2266.2265
 UB     =         0.0000  IMP     =         0.0000  CMAP       =       385.7970
 1-4 NB =      1432.9209  1-4 EEL =     18892.8562  VDWAALS    =     34123.6896
 EELEC  =   -262803.3157  EHBOND  =         0.0000  RESTRAINT  =         0.0000
 EKCMT  =         0.0000  VIRIAL  =         0.0000  VOLUME     =    472221.3279
                                                    Density    =         1.0490
 ------------------------------------------------------------------------------


 NSTEP =    15500   TIME(PS) =  918050.993  TEMP(K) =   295.49  PRESS =     0.0
 Etot   =   -171184.8577  EKtot   =     29401.9766  EPtot      =   -200586.8342
 BOND   =      1392.0003  ANGLE   =      3773.9204  DIHED      =      2302.8531
 UB     =         0.0000  IMP     =         0.0000  CMAP       =       369.7810
 1-4 NB =      1426.6062  1-4 EEL =     18880.7851  VDWAALS    =     34914.7359
 EELEC  =   -263647.5163  EHBOND  =         0.0000  RESTRAINT  =         0.0000
 EKCMT  =         0.0000  VIRIAL  =         0.0000  VOLUME     =    470867.0594
                                                    Density    =         1.0520
 ------------------------------------------------------------------------------


 NSTEP =    16000   TIME(PS) =  918051.993  TEMP(K) =   297.46  PRESS =     0.0
 Etot   =   -170732.5134  EKtot   =     29597.6484  EPtot      =   -200330.1618
 BOND   =      1381.7712  ANGLE   =      3879.7086  DIHED      =      2302.2201
 UB     =         0.0000  IMP     =         0.0000  CMAP       =       361.9922
 1-4 NB =      1426.7749  1-4 EEL =     18824.9155  VDWAALS    =     34431.3839
 EELEC  =   -262938.9282  EHBOND  =         0.0000  RESTRAINT  =         0.0000
 EKCMT  =         0.0000  VIRIAL  =         0.0000  VOLUME     =    471395.7378
                                                    Density    =         1.0508
 ------------------------------------------------------------------------------


 NSTEP =    16500   TIME(PS) =  918052.993  TEMP(K) =   297.10  PRESS =     0.0
 Etot   =   -170831.0522  EKtot   =     29561.7734  EPtot      =   -200392.8256
 BOND   =      1348.4878  ANGLE   =      3877.2423  DIHED      =      2306.6829
 UB     =         0.0000  IMP     =         0.0000  CMAP       =       373.4989
 1-4 NB =      1426.6435  1-4 EEL =     18814.7362  VDWAALS    =     34790.5592
 EELEC  =   -263330.6763  EHBOND  =         0.0000  RESTRAINT  =         0.0000
 EKCMT  =         0.0000  VIRIAL  =         0.0000  VOLUME     =    471181.5895
                                                    Density    =         1.0513
 ------------------------------------------------------------------------------


 NSTEP =    17000   TIME(PS) =  918053.993  TEMP(K) =   295.93  PRESS =     0.0
 Etot   =   -170800.9713  EKtot   =     29445.3477  EPtot      =   -200246.3190
 BOND   =      1387.7421  ANGLE   =      3874.0584  DIHED      =      2272.8141
 UB     =         0.0000  IMP     =         0.0000  CMAP       =       385.8983
 1-4 NB =      1436.6074  1-4 EEL =     18765.6354  VDWAALS    =     34499.4196
 EELEC  =   -262868.4942  EHBOND  =         0.0000  RESTRAINT  =         0.0000
 EKCMT  =         0.0000  VIRIAL  =         0.0000  VOLUME     =    471688.1472
                                                    Density    =         1.0502
 ------------------------------------------------------------------------------


 NSTEP =    17500   TIME(PS) =  918054.993  TEMP(K) =   298.40  PRESS =     0.0
 Etot   =   -170538.9752  EKtot   =     29691.2852  EPtot      =   -200230.2604
 BOND   =      1359.4358  ANGLE   =      3826.3877  DIHED      =      2288.1105
 UB     =         0.0000  IMP     =         0.0000  CMAP       =       361.2467
 1-4 NB =      1441.3835  1-4 EEL =     18894.8880  VDWAALS    =     33968.1461
 EELEC  =   -262369.8588  EHBOND  =         0.0000  RESTRAINT  =         0.0000
 EKCMT  =         0.0000  VIRIAL  =         0.0000  VOLUME     =    471626.0853
                                                    Density    =         1.0503
 ------------------------------------------------------------------------------


 NSTEP =    18000   TIME(PS) =  918055.993  TEMP(K) =   297.49  PRESS =     0.0
 Etot   =   -170835.6839  EKtot   =     29601.1777  EPtot      =   -200436.8616
 BOND   =      1369.2992  ANGLE   =      3878.3285  DIHED      =      2274.4262
 UB     =         0.0000  IMP     =         0.0000  CMAP       =       370.8892
 1-4 NB =      1440.6185  1-4 EEL =     18781.1421  VDWAALS    =     34068.0969
 EELEC  =   -262619.6623  EHBOND  =         0.0000  RESTRAINT  =         0.0000
 EKCMT  =         0.0000  VIRIAL  =         0.0000  VOLUME     =    471901.9808
                                                    Density    =         1.0497
 ------------------------------------------------------------------------------


 NSTEP =    18500   TIME(PS) =  918056.993  TEMP(K) =   297.96  PRESS =     0.0
 Etot   =   -170650.3450  EKtot   =     29648.3027  EPtot      =   -200298.6478
 BOND   =      1418.1058  ANGLE   =      3851.5098  DIHED      =      2262.6165
 UB     =         0.0000  IMP     =         0.0000  CMAP       =       364.8821
 1-4 NB =      1436.0600  1-4 EEL =     18883.5270  VDWAALS    =     34388.1733
 EELEC  =   -262903.5223  EHBOND  =         0.0000  RESTRAINT  =         0.0000
 EKCMT  =         0.0000  VIRIAL  =         0.0000  VOLUME     =    471901.9808
                                                    Density    =         1.0497
 ------------------------------------------------------------------------------

| MC Barostat: Decreasing size of volume moves

 NSTEP =    19000   TIME(PS) =  918057.993  TEMP(K) =   298.57  PRESS =     0.0
 Etot   =   -170575.8703  EKtot   =     29708.3086  EPtot      =   -200284.1789
 BOND   =      1427.7538  ANGLE   =      3910.3725  DIHED      =      2292.1881
 UB     =         0.0000  IMP     =         0.0000  CMAP       =       373.6415
 1-4 NB =      1432.0791  1-4 EEL =     18860.2012  VDWAALS    =     34175.2507
 EELEC  =   -262755.6658  EHBOND  =         0.0000  RESTRAINT  =         0.0000
 EKCMT  =         0.0000  VIRIAL  =         0.0000  VOLUME     =    471901.9808
                                                    Density    =         1.0497
 ------------------------------------------------------------------------------


 NSTEP =    19500   TIME(PS) =  918058.993  TEMP(K) =   297.31  PRESS =     0.0
 Etot   =   -170640.0828  EKtot   =     29583.1797  EPtot      =   -200223.2625
 BOND   =      1347.9138  ANGLE   =      3953.5205  DIHED      =      2278.7784
 UB     =         0.0000  IMP     =         0.0000  CMAP       =       368.0004
 1-4 NB =      1443.2874  1-4 EEL =     18890.1066  VDWAALS    =     34446.1988
 EELEC  =   -262951.0684  EHBOND  =         0.0000  RESTRAINT  =         0.0000
 EKCMT  =         0.0000  VIRIAL  =         0.0000  VOLUME     =    471586.8013
                                                    Density    =         1.0504
 ------------------------------------------------------------------------------

| MC Barostat: Decreasing size of volume moves
wrapping first mol.:       56.63023       80.08723        0.00000

 NSTEP =    20000   TIME(PS) =  918059.993  TEMP(K) =   298.74  PRESS =     0.0
 Etot   =   -170373.6781  EKtot   =     29725.5430  EPtot      =   -200099.2211
 BOND   =      1334.9544  ANGLE   =      3933.4730  DIHED      =      2278.8688
 UB     =         0.0000  IMP     =         0.0000  CMAP       =       374.4006
 1-4 NB =      1435.4111  1-4 EEL =     18853.4994  VDWAALS    =     34135.7593
 EELEC  =   -262445.5877  EHBOND  =         0.0000  RESTRAINT  =         0.0000
 EKCMT  =         0.0000  VIRIAL  =         0.0000  VOLUME     =    471842.2088
                                                    Density    =         1.0498
 ------------------------------------------------------------------------------


 NSTEP =    20500   TIME(PS) =  918060.993  TEMP(K) =   296.71  PRESS =     0.0
 Etot   =   -170766.9794  EKtot   =     29523.1836  EPtot      =   -200290.1630
 BOND   =      1445.7795  ANGLE   =      3823.8862  DIHED      =      2303.2778
 UB     =         0.0000  IMP     =         0.0000  CMAP       =       365.3201
 1-4 NB =      1435.0762  1-4 EEL =     18860.2741  VDWAALS    =     34238.7768
 EELEC  =   -262762.5536  EHBOND  =         0.0000  RESTRAINT  =         0.0000
 EKCMT  =         0.0000  VIRIAL  =         0.0000  VOLUME     =    472310.0101
                                                    Density    =         1.0488
 ------------------------------------------------------------------------------


 NSTEP =    21000   TIME(PS) =  918061.993  TEMP(K) =   297.29  PRESS =     0.0
 Etot   =   -170754.2924  EKtot   =     29581.0820  EPtot      =   -200335.3744
 BOND   =      1337.6921  ANGLE   =      3846.6794  DIHED      =      2299.6120
 UB     =         0.0000  IMP     =         0.0000  CMAP       =       361.6975
 1-4 NB =      1444.9479  1-4 EEL =     18891.7857  VDWAALS    =     34443.4670
 EELEC  =   -262961.2559  EHBOND  =         0.0000  RESTRAINT  =         0.0000
 EKCMT  =         0.0000  VIRIAL  =         0.0000  VOLUME     =    470936.3637
                                                    Density    =         1.0518
 ------------------------------------------------------------------------------


 NSTEP =    21500   TIME(PS) =  918062.993  TEMP(K) =   298.60  PRESS =     0.0
 Etot   =   -170582.0376  EKtot   =     29711.0977  EPtot      =   -200293.1353
 BOND   =      1377.8337  ANGLE   =      3897.2045  DIHED      =      2263.7130
 UB     =         0.0000  IMP     =         0.0000  CMAP       =       369.5105
 1-4 NB =      1446.9535  1-4 EEL =     18834.0189  VDWAALS    =     34769.8530
 EELEC  =   -263252.2224  EHBOND  =         0.0000  RESTRAINT  =         0.0000
 EKCMT  =         0.0000  VIRIAL  =         0.0000  VOLUME     =    470734.6359
                                                    Density    =         1.0523
 ------------------------------------------------------------------------------


 NSTEP =    22000   TIME(PS) =  918063.993  TEMP(K) =   300.20  PRESS =     0.0
 Etot   =   -170522.9609  EKtot   =     29870.7363  EPtot      =   -200393.6972
 BOND   =      1355.4716  ANGLE   =      3914.3832  DIHED      =      2293.1789
 UB     =         0.0000  IMP     =         0.0000  CMAP       =       368.6932
 1-4 NB =      1417.9054  1-4 EEL =     18834.8900  VDWAALS    =     33976.2625
 EELEC  =   -262554.4822  EHBOND  =         0.0000  RESTRAINT  =         0.0000
 EKCMT  =         0.0000  VIRIAL  =         0.0000  VOLUME     =    471369.8373
                                                    Density    =         1.0509
 ------------------------------------------------------------------------------


 NSTEP =    22500   TIME(PS) =  918064.993  TEMP(K) =   297.91  PRESS =     0.0
 Etot   =   -170408.6390  EKtot   =     29643.1426  EPtot      =   -200051.7816
 BOND   =      1366.1208  ANGLE   =      3886.0528  DIHED      =      2292.6853
 UB     =         0.0000  IMP     =         0.0000  CMAP       =       368.6782
 1-4 NB =      1439.0506  1-4 EEL =     18895.9880  VDWAALS    =     34800.7577
 EELEC  =   -263101.1150  EHBOND  =         0.0000  RESTRAINT  =         0.0000
 EKCMT  =         0.0000  VIRIAL  =         0.0000  VOLUME     =    470506.8177
                                                    Density    =         1.0528
 ------------------------------------------------------------------------------


 NSTEP =    23000   TIME(PS) =  918065.993  TEMP(K) =   297.70  PRESS =     0.0
 Etot   =   -170591.0986  EKtot   =     29622.2422  EPtot      =   -200213.3408
 BOND   =      1421.6136  ANGLE   =      3807.0625  DIHED      =      2286.9146
 UB     =         0.0000  IMP     =         0.0000  CMAP       =       367.1475
 1-4 NB =      1448.4876  1-4 EEL =     18867.9477  VDWAALS    =     34254.7948
 EELEC  =   -262667.3091  EHBOND  =         0.0000  RESTRAINT  =         0.0000
 EKCMT  =         0.0000  VIRIAL  =         0.0000  VOLUME     =    471016.3022
                                                    Density    =         1.0517
 ------------------------------------------------------------------------------


 NSTEP =    23500   TIME(PS) =  918066.993  TEMP(K) =   297.49  PRESS =     0.0
 Etot   =   -170710.4883  EKtot   =     29600.8457  EPtot      =   -200311.3340
 BOND   =      1347.9189  ANGLE   =      3922.0674  DIHED      =      2273.9195
 UB     =         0.0000  IMP     =         0.0000  CMAP       =       369.7167
 1-4 NB =      1439.6566  1-4 EEL =     18830.4873  VDWAALS    =     34460.9831
 EELEC  =   -262956.0836  EHBOND  =         0.0000  RESTRAINT  =         0.0000
 EKCMT  =         0.0000  VIRIAL  =         0.0000  VOLUME     =    470802.4428
                                                    Density    =         1.0521
 ------------------------------------------------------------------------------


 NSTEP =    24000   TIME(PS) =  918067.993  TEMP(K) =   297.66  PRESS =     0.0
 Etot   =   -170774.3030  EKtot   =     29617.8145  EPtot      =   -200392.1174
 BOND   =      1417.8559  ANGLE   =      3890.7207  DIHED      =      2251.0705
 UB     =         0.0000  IMP     =         0.0000  CMAP       =       375.5054
 1-4 NB =      1437.5472  1-4 EEL =     18778.8535  VDWAALS    =     34165.5865
 EELEC  =   -262709.2571  EHBOND  =         0.0000  RESTRAINT  =         0.0000
 EKCMT  =         0.0000  VIRIAL  =         0.0000  VOLUME     =    471275.7895
                                                    Density    =         1.0511
 ------------------------------------------------------------------------------


 NSTEP =    24500   TIME(PS) =  918068.993  TEMP(K) =   298.30  PRESS =     0.0
 Etot   =   -170630.6431  EKtot   =     29681.2637  EPtot      =   -200311.9067
 BOND   =      1373.0706  ANGLE   =      3846.3190  DIHED      =      2267.6295
 UB     =         0.0000  IMP     =         0.0000  CMAP       =       363.2853
 1-4 NB =      1458.2360  1-4 EEL =     18822.4324  VDWAALS    =     34348.3787
 EELEC  =   -262791.2582  EHBOND  =         0.0000  RESTRAINT  =         0.0000
 EKCMT  =         0.0000  VIRIAL  =         0.0000  VOLUME     =    472713.7853
                                                    Density    =         1.0479
 ------------------------------------------------------------------------------

wrapping first mol.:       56.67070       80.14447        0.00000

 NSTEP =    25000   TIME(PS) =  918069.993  TEMP(K) =   297.76  PRESS =     0.0
 Etot   =   -170765.5537  EKtot   =     29628.2070  EPtot      =   -200393.7608
 BOND   =      1321.6138  ANGLE   =      3831.8643  DIHED      =      2225.1109
 UB     =         0.0000  IMP     =         0.0000  CMAP       =       366.3557
 1-4 NB =      1437.7730  1-4 EEL =     18847.7043  VDWAALS    =     34238.9254
 EELEC  =   -262663.1080  EHBOND  =         0.0000  RESTRAINT  =         0.0000
 EKCMT  =         0.0000  VIRIAL  =         0.0000  VOLUME     =    472854.5917
                                                    Density    =         1.0476
 ------------------------------------------------------------------------------


 NSTEP =    25500   TIME(PS) =  918070.993  TEMP(K) =   297.19  PRESS =     0.0
 Etot   =   -170369.9482  EKtot   =     29571.4629  EPtot      =   -199941.4111
 BOND   =      1407.9076  ANGLE   =      3878.5168  DIHED      =      2270.1919
 UB     =         0.0000  IMP     =         0.0000  CMAP       =       366.9719
 1-4 NB =      1441.6845  1-4 EEL =     18839.1347  VDWAALS    =     34956.4175
 EELEC  =   -263102.2359  EHBOND  =         0.0000  RESTRAINT  =         0.0000
 EKCMT  =         0.0000  VIRIAL  =         0.0000  VOLUME     =    471931.5017
                                                    Density    =         1.0496
 ------------------------------------------------------------------------------


 NSTEP =    26000   TIME(PS) =  918071.993  TEMP(K) =   297.40  PRESS =     0.0
 Etot   =   -170466.6726  EKtot   =     29592.2266  EPtot      =   -200058.8991
 BOND   =      1404.9922  ANGLE   =      3880.6766  DIHED      =      2279.0017
 UB     =         0.0000  IMP     =         0.0000  CMAP       =       344.7922
 1-4 NB =      1455.0171  1-4 EEL =     18831.7069  VDWAALS    =     34108.6789
 EELEC  =   -262363.7649  EHBOND  =         0.0000  RESTRAINT  =         0.0000
 EKCMT  =         0.0000  VIRIAL  =         0.0000  VOLUME     =    472538.9530
                                                    Density    =         1.0483
 ------------------------------------------------------------------------------


 NSTEP =    26500   TIME(PS) =  918072.993  TEMP(K) =   298.64  PRESS =     0.0
 Etot   =   -170531.0546  EKtot   =     29715.6250  EPtot      =   -200246.6796
 BOND   =      1351.7315  ANGLE   =      3820.5120  DIHED      =      2254.9007
 UB     =         0.0000  IMP     =         0.0000  CMAP       =       352.1784
 1-4 NB =      1420.7973  1-4 EEL =     18820.5551  VDWAALS    =     34385.4479
 EELEC  =   -262652.8025  EHBOND  =         0.0000  RESTRAINT  =         0.0000
 EKCMT  =         0.0000  VIRIAL  =         0.0000  VOLUME     =    472520.9524
                                                    Density    =         1.0483
 ------------------------------------------------------------------------------


 NSTEP =    27000   TIME(PS) =  918073.993  TEMP(K) =   299.39  PRESS =     0.0
 Etot   =   -170365.4444  EKtot   =     29790.5488  EPtot      =   -200155.9932
 BOND   =      1377.2420  ANGLE   =      3875.6744  DIHED      =      2284.1469
 UB     =         0.0000  IMP     =         0.0000  CMAP       =       368.5331
 1-4 NB =      1446.0728  1-4 EEL =     18913.8110  VDWAALS    =     34383.2496
 EELEC  =   -262804.7230  EHBOND  =         0.0000  RESTRAINT  =         0.0000
 EKCMT  =         0.0000  VIRIAL  =         0.0000  VOLUME     =    472417.2758
                                                    Density    =         1.0485
 ------------------------------------------------------------------------------


 NSTEP =    27500   TIME(PS) =  918074.993  TEMP(K) =   299.15  PRESS =     0.0
 Etot   =   -170553.7698  EKtot   =     29766.5020  EPtot      =   -200320.2718
 BOND   =      1370.8342  ANGLE   =      3941.5956  DIHED      =      2271.3251
 UB     =         0.0000  IMP     =         0.0000  CMAP       =       352.9421
 1-4 NB =      1468.2508  1-4 EEL =     18897.2851  VDWAALS    =     34432.1536
 EELEC  =   -263054.6583  EHBOND  =         0.0000  RESTRAINT  =         0.0000
 EKCMT  =         0.0000  VIRIAL  =         0.0000  VOLUME     =    472087.8663
                                                    Density    =         1.0493
 ------------------------------------------------------------------------------


 NSTEP =    28000   TIME(PS) =  918075.993  TEMP(K) =   300.41  PRESS =     0.0
 Etot   =   -170269.6478  EKtot   =     29891.3379  EPtot      =   -200160.9857
 BOND   =      1408.2236  ANGLE   =      3925.1403  DIHED      =      2272.0182
 UB     =         0.0000  IMP     =         0.0000  CMAP       =       368.6455
 1-4 NB =      1435.9838  1-4 EEL =     18831.7672  VDWAALS    =     34471.7185
 EELEC  =   -262874.4828  EHBOND  =         0.0000  RESTRAINT  =         0.0000
 EKCMT  =         0.0000  VIRIAL  =         0.0000  VOLUME     =    472366.3022
                                                    Density    =         1.0487
 ------------------------------------------------------------------------------


 NSTEP =    28500   TIME(PS) =  918076.993  TEMP(K) =   296.10  PRESS =     0.0
 Etot   =   -170817.0640  EKtot   =     29462.5605  EPtot      =   -200279.6245
 BOND   =      1339.6551  ANGLE   =      3865.2598  DIHED      =      2294.1866
 UB     =         0.0000  IMP     =         0.0000  CMAP       =       358.9866
 1-4 NB =      1445.1055  1-4 EEL =     18838.3443  VDWAALS    =     34462.3687
 EELEC  =   -262883.5311  EHBOND  =         0.0000  RESTRAINT  =         0.0000
 EKCMT  =         0.0000  VIRIAL  =         0.0000  VOLUME     =    472191.3164
                                                    Density    =         1.0491
 ------------------------------------------------------------------------------


 NSTEP =    29000   TIME(PS) =  918077.993  TEMP(K) =   297.51  PRESS =     0.0
 Etot   =   -171008.5831  EKtot   =     29603.3301  EPtot      =   -200611.9132
 BOND   =      1354.6377  ANGLE   =      3812.6349  DIHED      =      2264.7971
 UB     =         0.0000  IMP     =         0.0000  CMAP       =       365.5526
 1-4 NB =      1425.9334  1-4 EEL =     18890.7653  VDWAALS    =     34379.1611
 EELEC  =   -263105.3952  EHBOND  =         0.0000  RESTRAINT  =         0.0000
 EKCMT  =         0.0000  VIRIAL  =         0.0000  VOLUME     =    471713.3588
                                                    Density    =         1.0501
 ------------------------------------------------------------------------------


 NSTEP =    29500   TIME(PS) =  918078.993  TEMP(K) =   297.41  PRESS =     0.0
 Etot   =   -171062.2765  EKtot   =     29592.8730  EPtot      =   -200655.1496
 BOND   =      1356.9476  ANGLE   =      3819.9019  DIHED      =      2290.6161
 UB     =         0.0000  IMP     =         0.0000  CMAP       =       372.9315
 1-4 NB =      1459.0904  1-4 EEL =     18918.5534  VDWAALS    =     34604.0813
 EELEC  =   -263477.2717  EHBOND  =         0.0000  RESTRAINT  =         0.0000
 EKCMT  =         0.0000  VIRIAL  =         0.0000  VOLUME     =    471634.4883
                                                    Density    =         1.0503
 ------------------------------------------------------------------------------

wrapping first mol.:       56.63882       80.09938        0.00000

 NSTEP =    30000   TIME(PS) =  918079.993  TEMP(K) =   296.68  PRESS =     0.0
 Etot   =   -171016.6784  EKtot   =     29520.8184  EPtot      =   -200537.4968
 BOND   =      1393.1105  ANGLE   =      3949.1545  DIHED      =      2276.1840
 UB     =         0.0000  IMP     =         0.0000  CMAP       =       382.5935
 1-4 NB =      1431.1586  1-4 EEL =     18825.2461  VDWAALS    =     34401.8463
 EELEC  =   -263196.7904  EHBOND  =         0.0000  RESTRAINT  =         0.0000
 EKCMT  =         0.0000  VIRIAL  =         0.0000  VOLUME     =    472056.9210
                                                    Density    =         1.0493
 ------------------------------------------------------------------------------


 NSTEP =    30500   TIME(PS) =  918080.993  TEMP(K) =   297.20  PRESS =     0.0
 Etot   =   -170980.1134  EKtot   =     29572.3672  EPtot      =   -200552.4806
 BOND   =      1368.7682  ANGLE   =      3825.6785  DIHED      =      2250.7483
 UB     =         0.0000  IMP     =         0.0000  CMAP       =       371.3471
 1-4 NB =      1423.9151  1-4 EEL =     18844.9057  VDWAALS    =     34480.4208
 EELEC  =   -263118.2644  EHBOND  =         0.0000  RESTRAINT  =         0.0000
 EKCMT  =         0.0000  VIRIAL  =         0.0000  VOLUME     =    471835.9091
                                                    Density    =         1.0498
 ------------------------------------------------------------------------------


 NSTEP =    31000   TIME(PS) =  918081.993  TEMP(K) =   298.16  PRESS =     0.0
 Etot   =   -170683.3131  EKtot   =     29667.2949  EPtot      =   -200350.6080
 BOND   =      1338.9255  ANGLE   =      3897.9398  DIHED      =      2285.2402
 UB     =         0.0000  IMP     =         0.0000  CMAP       =       375.5217
 1-4 NB =      1427.3041  1-4 EEL =     18829.6600  VDWAALS    =     34778.6581
 EELEC  =   -263283.8573  EHBOND  =         0.0000  RESTRAINT  =         0.0000
 EKCMT  =         0.0000  VIRIAL  =         0.0000  VOLUME     =    471894.1531
                                                    Density    =         1.0497
 ------------------------------------------------------------------------------


 NSTEP =    31500   TIME(PS) =  918082.993  TEMP(K) =   299.63  PRESS =     0.0
 Etot   =   -170471.2808  EKtot   =     29814.0371  EPtot      =   -200285.3179
 BOND   =      1393.4292  ANGLE   =      3843.9138  DIHED      =      2259.5679
 UB     =         0.0000  IMP     =         0.0000  CMAP       =       369.6888
 1-4 NB =      1446.1825  1-4 EEL =     18902.9316  VDWAALS    =     34190.2601
 EELEC  =   -262691.2918  EHBOND  =         0.0000  RESTRAINT  =         0.0000
 EKCMT  =         0.0000  VIRIAL  =         0.0000  VOLUME     =    471723.1352
                                                    Density    =         1.0501
 ------------------------------------------------------------------------------


 NSTEP =    32000   TIME(PS) =  918083.993  TEMP(K) =   295.90  PRESS =     0.0
 Etot   =   -170762.8155  EKtot   =     29442.3594  EPtot      =   -200205.1748
 BOND   =      1345.0668  ANGLE   =      3875.4572  DIHED      =      2270.6568
 UB     =         0.0000  IMP     =         0.0000  CMAP       =       364.5080
 1-4 NB =      1447.3222  1-4 EEL =     18917.6957  VDWAALS    =     34296.7467
 EELEC  =   -262722.6282  EHBOND  =         0.0000  RESTRAINT  =         0.0000
 EKCMT  =         0.0000  VIRIAL  =         0.0000  VOLUME     =    471196.6593
                                                    Density    =         1.0513
 ------------------------------------------------------------------------------


 NSTEP =    32500   TIME(PS) =  918084.993  TEMP(K) =   298.35  PRESS =     0.0
 Etot   =   -170595.2299  EKtot   =     29686.3496  EPtot      =   -200281.5795
 BOND   =      1395.8546  ANGLE   =      3794.9247  DIHED      =      2250.4100
 UB     =         0.0000  IMP     =         0.0000  CMAP       =       357.5347
 1-4 NB =      1434.8959  1-4 EEL =     18851.6543  VDWAALS    =     34521.4861
 EELEC  =   -262888.3397  EHBOND  =         0.0000  RESTRAINT  =         0.0000
 EKCMT  =         0.0000  VIRIAL  =         0.0000  VOLUME     =    471622.4753
                                                    Density    =         1.0503
 ------------------------------------------------------------------------------


 NSTEP =    33000   TIME(PS) =  918085.993  TEMP(K) =   297.93  PRESS =     0.0
 Etot   =   -170528.5199  EKtot   =     29645.2227  EPtot      =   -200173.7425
 BOND   =      1400.1355  ANGLE   =      3894.3536  DIHED      =      2282.5390
 UB     =         0.0000  IMP     =         0.0000  CMAP       =       362.8696
 1-4 NB =      1418.4969  1-4 EEL =     18824.0511  VDWAALS    =     34581.0177
 EELEC  =   -262937.2058  EHBOND  =         0.0000  RESTRAINT  =         0.0000
 EKCMT  =         0.0000  VIRIAL  =         0.0000  VOLUME     =    471539.1506
                                                    Density    =         1.0505
 ------------------------------------------------------------------------------


 NSTEP =    33500   TIME(PS) =  918086.993  TEMP(K) =   297.10  PRESS =     0.0
 Etot   =   -170433.4357  EKtot   =     29562.5605  EPtot      =   -199995.9963
 BOND   =      1412.6657  ANGLE   =      3874.0310  DIHED      =      2245.4173
 UB     =         0.0000  IMP     =         0.0000  CMAP       =       365.4200
 1-4 NB =      1435.6548  1-4 EEL =     18849.2485  VDWAALS    =     34179.7287
 EELEC  =   -262358.1624  EHBOND  =         0.0000  RESTRAINT  =         0.0000
 EKCMT  =         0.0000  VIRIAL  =         0.0000  VOLUME     =    472292.0404
                                                    Density    =         1.0488
 ------------------------------------------------------------------------------


 NSTEP =    34000   TIME(PS) =  918087.993  TEMP(K) =   298.47  PRESS =     0.0
 Etot   =   -170593.3902  EKtot   =     29698.9414  EPtot      =   -200292.3316
 BOND   =      1354.6934  ANGLE   =      3917.9707  DIHED      =      2271.5815
 UB     =         0.0000  IMP     =         0.0000  CMAP       =       366.8101
 1-4 NB =      1419.2013  1-4 EEL =     18927.0071  VDWAALS    =     34081.9121
 EELEC  =   -262631.5078  EHBOND  =         0.0000  RESTRAINT  =         0.0000
 EKCMT  =         0.0000  VIRIAL  =         0.0000  VOLUME     =    472343.9193
                                                    Density    =         1.0487
 ------------------------------------------------------------------------------


 NSTEP =    34500   TIME(PS) =  918088.993  TEMP(K) =   296.48  PRESS =     0.0
 Etot   =   -170837.9136  EKtot   =     29500.1113  EPtot      =   -200338.0249
 BOND   =      1367.7448  ANGLE   =      3837.7539  DIHED      =      2260.0498
 UB     =         0.0000  IMP     =         0.0000  CMAP       =       369.8495
 1-4 NB =      1449.2627  1-4 EEL =     18862.1872  VDWAALS    =     34229.7666
 EELEC  =   -262714.6394  EHBOND  =         0.0000  RESTRAINT  =         0.0000
 EKCMT  =         0.0000  VIRIAL  =         0.0000  VOLUME     =    471885.2213
                                                    Density    =         1.0497
 ------------------------------------------------------------------------------

wrapping first mol.:       56.63195       80.08967        0.00000

 NSTEP =    35000   TIME(PS) =  918089.993  TEMP(K) =   299.10  PRESS =     0.0
 Etot   =   -170775.8435  EKtot   =     29761.6035  EPtot      =   -200537.4471
 BOND   =      1349.0153  ANGLE   =      3840.7782  DIHED      =      2217.6061
 UB     =         0.0000  IMP     =         0.0000  CMAP       =       357.2341
 1-4 NB =      1445.4548  1-4 EEL =     18847.7590  VDWAALS    =     34484.3460
 EELEC  =   -263079.6406  EHBOND  =         0.0000  RESTRAINT  =         0.0000
 EKCMT  =         0.0000  VIRIAL  =         0.0000  VOLUME     =    471885.2213
                                                    Density    =         1.0497
 ------------------------------------------------------------------------------


 NSTEP =    35500   TIME(PS) =  918090.993  TEMP(K) =   299.59  PRESS =     0.0
 Etot   =   -170567.7719  EKtot   =     29810.0371  EPtot      =   -200377.8090
 BOND   =      1400.7310  ANGLE   =      3753.9418  DIHED      =      2238.1044
 UB     =         0.0000  IMP     =         0.0000  CMAP       =       367.5865
 1-4 NB =      1434.4550  1-4 EEL =     18884.8281  VDWAALS    =     34493.0068
 EELEC  =   -262950.4627  EHBOND  =         0.0000  RESTRAINT  =         0.0000
 EKCMT  =         0.0000  VIRIAL  =         0.0000  VOLUME     =    472186.7698
                                                    Density    =         1.0491
 ------------------------------------------------------------------------------


 NSTEP =    36000   TIME(PS) =  918091.993  TEMP(K) =   299.04  PRESS =     0.0
 Etot   =   -170419.7736  EKtot   =     29754.8379  EPtot      =   -200174.6115
 BOND   =      1407.7168  ANGLE   =      3874.6193  DIHED      =      2263.6324
 UB     =         0.0000  IMP     =         0.0000  CMAP       =       381.2083
 1-4 NB =      1420.1392  1-4 EEL =     18929.6607  VDWAALS    =     34234.8053
 EELEC  =   -262686.3937  EHBOND  =         0.0000  RESTRAINT  =         0.0000
 EKCMT  =         0.0000  VIRIAL  =         0.0000  VOLUME     =    472186.7698
                                                    Density    =         1.0491
 ------------------------------------------------------------------------------


 NSTEP =    36500   TIME(PS) =  918092.993  TEMP(K) =   298.32  PRESS =     0.0
 Etot   =   -170785.0358  EKtot   =     29683.5078  EPtot      =   -200468.5436
 BOND   =      1406.8527  ANGLE   =      3918.6486  DIHED      =      2303.3351
 UB     =         0.0000  IMP     =         0.0000  CMAP       =       379.2297
 1-4 NB =      1427.9395  1-4 EEL =     18835.5598  VDWAALS    =     34745.5198
 EELEC  =   -263485.6287  EHBOND  =         0.0000  RESTRAINT  =         0.0000
 EKCMT  =         0.0000  VIRIAL  =         0.0000  VOLUME     =    472186.7698
                                                    Density    =         1.0491
 ------------------------------------------------------------------------------


 NSTEP =    37000   TIME(PS) =  918093.993  TEMP(K) =   297.21  PRESS =     0.0
 Etot   =   -170750.1363  EKtot   =     29573.6465  EPtot      =   -200323.7828
 BOND   =      1369.3668  ANGLE   =      3900.3244  DIHED      =      2222.3200
 UB     =         0.0000  IMP     =         0.0000  CMAP       =       383.5024
 1-4 NB =      1455.4982  1-4 EEL =     18920.3178  VDWAALS    =     34671.2697
 EELEC  =   -263246.3822  EHBOND  =         0.0000  RESTRAINT  =         0.0000
 EKCMT  =         0.0000  VIRIAL  =         0.0000  VOLUME     =    472297.9487
                                                    Density    =         1.0488
 ------------------------------------------------------------------------------


 NSTEP =    37500   TIME(PS) =  918094.993  TEMP(K) =   298.53  PRESS =     0.0
 Etot   =   -170875.0787  EKtot   =     29704.4004  EPtot      =   -200579.4791
 BOND   =      1361.8094  ANGLE   =      3790.8586  DIHED      =      2309.0903
 UB     =         0.0000  IMP     =         0.0000  CMAP       =       377.2155
 1-4 NB =      1443.1449  1-4 EEL =     18899.3115  VDWAALS    =     34762.6148
 EELEC  =   -263523.5240  EHBOND  =         0.0000  RESTRAINT  =         0.0000
 EKCMT  =         0.0000  VIRIAL  =         0.0000  VOLUME     =    472297.9487
                                                    Density    =         1.0488
 ------------------------------------------------------------------------------


 NSTEP =    38000   TIME(PS) =  918095.993  TEMP(K) =   298.35  PRESS =     0.0
 Etot   =   -170789.7859  EKtot   =     29686.1270  EPtot      =   -200475.9128
 BOND   =      1387.3943  ANGLE   =      3931.0406  DIHED      =      2298.1979
 UB     =         0.0000  IMP     =         0.0000  CMAP       =       378.8539
 1-4 NB =      1440.3002  1-4 EEL =     18801.2572  VDWAALS    =     34645.3543
 EELEC  =   -263358.3113  EHBOND  =         0.0000  RESTRAINT  =         0.0000
 EKCMT  =         0.0000  VIRIAL  =         0.0000  VOLUME     =    472886.3726
                                                    Density    =         1.0475
 ------------------------------------------------------------------------------


 NSTEP =    38500   TIME(PS) =  918096.993  TEMP(K) =   297.95  PRESS =     0.0
 Etot   =   -170549.9593  EKtot   =     29646.9805  EPtot      =   -200196.9398
 BOND   =      1374.6729  ANGLE   =      3845.0899  DIHED      =      2282.3647
 UB     =         0.0000  IMP     =         0.0000  CMAP       =       374.5109
 1-4 NB =      1441.2349  1-4 EEL =     18892.4852  VDWAALS    =     34508.6535
 EELEC  =   -262915.9518  EHBOND  =         0.0000  RESTRAINT  =         0.0000
 EKCMT  =         0.0000  VIRIAL  =         0.0000  VOLUME     =    473377.5334
                                                    Density    =         1.0464
 ------------------------------------------------------------------------------


 NSTEP =    39000   TIME(PS) =  918097.993  TEMP(K) =   298.81  PRESS =     0.0
 Etot   =   -170412.8366  EKtot   =     29732.7734  EPtot      =   -200145.6101
 BOND   =      1356.6571  ANGLE   =      3906.6607  DIHED      =      2308.9326
 UB     =         0.0000  IMP     =         0.0000  CMAP       =       365.3920
 1-4 NB =      1442.7892  1-4 EEL =     18933.0802  VDWAALS    =     34919.4125
 EELEC  =   -263378.5344  EHBOND  =         0.0000  RESTRAINT  =         0.0000
 EKCMT  =         0.0000  VIRIAL  =         0.0000  VOLUME     =    473169.3925
                                                    Density    =         1.0469
 ------------------------------------------------------------------------------


 NSTEP =    39500   TIME(PS) =  918098.993  TEMP(K) =   296.20  PRESS =     0.0
 Etot   =   -170968.1187  EKtot   =     29472.9316  EPtot      =   -200441.0503
 BOND   =      1441.8144  ANGLE   =      3878.3006  DIHED      =      2273.7819
 UB     =         0.0000  IMP     =         0.0000  CMAP       =       376.5260
 1-4 NB =      1433.6081  1-4 EEL =     18764.7517  VDWAALS    =     34609.3544
 EELEC  =   -263219.1875  EHBOND  =         0.0000  RESTRAINT  =         0.0000
 EKCMT  =         0.0000  VIRIAL  =         0.0000  VOLUME     =    473169.3925
                                                    Density    =         1.0469
 ------------------------------------------------------------------------------

wrapping first mol.:       56.68327       80.16225        0.00000

 NSTEP =    40000   TIME(PS) =  918099.993  TEMP(K) =   297.40  PRESS =     0.0
 Etot   =   -170839.5082  EKtot   =     29592.1934  EPtot      =   -200431.7015
 BOND   =      1372.8096  ANGLE   =      3898.3557  DIHED      =      2296.7894
 UB     =         0.0000  IMP     =         0.0000  CMAP       =       371.7112
 1-4 NB =      1414.0766  1-4 EEL =     18804.5184  VDWAALS    =     34728.7231
 EELEC  =   -263318.6854  EHBOND  =         0.0000  RESTRAINT  =         0.0000
 EKCMT  =         0.0000  VIRIAL  =         0.0000  VOLUME     =    473169.3925
                                                    Density    =         1.0469
 ------------------------------------------------------------------------------


 NSTEP =    40500   TIME(PS) =  918100.993  TEMP(K) =   295.40  PRESS =     0.0
 Etot   =   -170954.2810  EKtot   =     29393.4453  EPtot      =   -200347.7263
 BOND   =      1368.9223  ANGLE   =      3958.2066  DIHED      =      2221.7354
 UB     =         0.0000  IMP     =         0.0000  CMAP       =       351.0407
 1-4 NB =      1431.1204  1-4 EEL =     18757.2672  VDWAALS    =     34324.7609
 EELEC  =   -262760.7798  EHBOND  =         0.0000  RESTRAINT  =         0.0000
 EKCMT  =         0.0000  VIRIAL  =         0.0000  VOLUME     =    472986.7512
                                                    Density    =         1.0473
 ------------------------------------------------------------------------------


 NSTEP =    41000   TIME(PS) =  918101.993  TEMP(K) =   299.68  PRESS =     0.0
 Etot   =   -170750.7784  EKtot   =     29818.5488  EPtot      =   -200569.3272
 BOND   =      1343.6247  ANGLE   =      3879.4851  DIHED      =      2318.8925
 UB     =         0.0000  IMP     =         0.0000  CMAP       =       362.0902
 1-4 NB =      1446.6263  1-4 EEL =     18865.6334  VDWAALS    =     34677.2057
 EELEC  =   -263462.8852  EHBOND  =         0.0000  RESTRAINT  =         0.0000
 EKCMT  =         0.0000  VIRIAL  =         0.0000  VOLUME     =    472767.8855
                                                    Density    =         1.0478
 ------------------------------------------------------------------------------


 NSTEP =    41500   TIME(PS) =  918102.993  TEMP(K) =   300.01  PRESS =     0.0
 Etot   =   -170488.4498  EKtot   =     29851.6445  EPtot      =   -200340.0943
 BOND   =      1397.5810  ANGLE   =      3902.0635  DIHED      =      2255.1877
 UB     =         0.0000  IMP     =         0.0000  CMAP       =       358.6603
 1-4 NB =      1433.6230  1-4 EEL =     18822.8627  VDWAALS    =     34252.8980
 EELEC  =   -262762.9706  EHBOND  =         0.0000  RESTRAINT  =         0.0000
 EKCMT  =         0.0000  VIRIAL  =         0.0000  VOLUME     =    472767.8855
                                                    Density    =         1.0478
 ------------------------------------------------------------------------------


 NSTEP =    42000   TIME(PS) =  918103.993  TEMP(K) =   298.71  PRESS =     0.0
 Etot   =   -170710.2078  EKtot   =     29722.3008  EPtot      =   -200432.5085
 BOND   =      1324.8678  ANGLE   =      3887.0422  DIHED      =      2259.7408
 UB     =         0.0000  IMP     =         0.0000  CMAP       =       363.1989
 1-4 NB =      1451.2619  1-4 EEL =     18776.9126  VDWAALS    =     34498.9503
 EELEC  =   -262994.4831  EHBOND  =         0.0000  RESTRAINT  =         0.0000
 EKCMT  =         0.0000  VIRIAL  =         0.0000  VOLUME     =    472437.0323
                                                    Density    =         1.0485
 ------------------------------------------------------------------------------


 NSTEP =    42500   TIME(PS) =  918104.993  TEMP(K) =   298.27  PRESS =     0.0
 Etot   =   -170679.2775  EKtot   =     29678.8848  EPtot      =   -200358.1622
 BOND   =      1363.5150  ANGLE   =      3856.6925  DIHED      =      2264.1125
 UB     =         0.0000  IMP     =         0.0000  CMAP       =       369.8499
 1-4 NB =      1436.5054  1-4 EEL =     18813.7515  VDWAALS    =     34442.2162
 EELEC  =   -262904.8052  EHBOND  =         0.0000  RESTRAINT  =         0.0000
 EKCMT  =         0.0000  VIRIAL  =         0.0000  VOLUME     =    472437.0323
                                                    Density    =         1.0485
 ------------------------------------------------------------------------------


 NSTEP =    43000   TIME(PS) =  918105.993  TEMP(K) =   297.05  PRESS =     0.0
 Etot   =   -171236.7193  EKtot   =     29557.7266  EPtot      =   -200794.4458
 BOND   =      1345.6710  ANGLE   =      3806.1699  DIHED      =      2277.9511
 UB     =         0.0000  IMP     =         0.0000  CMAP       =       372.6823
 1-4 NB =      1418.7960  1-4 EEL =     18761.0141  VDWAALS    =     34633.4649
 EELEC  =   -263410.1952  EHBOND  =         0.0000  RESTRAINT  =         0.0000
 EKCMT  =         0.0000  VIRIAL  =         0.0000  VOLUME     =    472187.0385
                                                    Density    =         1.0491
 ------------------------------------------------------------------------------


 NSTEP =    43500   TIME(PS) =  918106.993  TEMP(K) =   296.64  PRESS =     0.0
 Etot   =   -171019.5145  EKtot   =     29516.8711  EPtot      =   -200536.3856
 BOND   =      1368.7181  ANGLE   =      3925.3836  DIHED      =      2250.6255
 UB     =         0.0000  IMP     =         0.0000  CMAP       =       366.7746
 1-4 NB =      1464.3689  1-4 EEL =     18822.6866  VDWAALS    =     34700.6439
 EELEC  =   -263435.5868  EHBOND  =         0.0000  RESTRAINT  =         0.0000
 EKCMT  =         0.0000  VIRIAL  =         0.0000  VOLUME     =    472017.7212
                                                    Density    =         1.0494
 ------------------------------------------------------------------------------


 NSTEP =    44000   TIME(PS) =  918107.993  TEMP(K) =   296.91  PRESS =     0.0
 Etot   =   -170939.1134  EKtot   =     29543.0098  EPtot      =   -200482.1232
 BOND   =      1378.1260  ANGLE   =      3887.0213  DIHED      =      2276.7247
 UB     =         0.0000  IMP     =         0.0000  CMAP       =       370.5917
 1-4 NB =      1424.1637  1-4 EEL =     18842.9791  VDWAALS    =     34569.8062
 EELEC  =   -263231.5359  EHBOND  =         0.0000  RESTRAINT  =         0.0000
 EKCMT  =         0.0000  VIRIAL  =         0.0000  VOLUME     =    472562.2590
                                                    Density    =         1.0482
 ------------------------------------------------------------------------------


 NSTEP =    44500   TIME(PS) =  918108.993  TEMP(K) =   297.11  PRESS =     0.0
 Etot   =   -170854.8134  EKtot   =     29562.8652  EPtot      =   -200417.6786
 BOND   =      1403.7077  ANGLE   =      3920.3532  DIHED      =      2268.0110
 UB     =         0.0000  IMP     =         0.0000  CMAP       =       368.5339
 1-4 NB =      1417.3578  1-4 EEL =     18858.9003  VDWAALS    =     34592.2131
 EELEC  =   -263246.7557  EHBOND  =         0.0000  RESTRAINT  =         0.0000
 EKCMT  =         0.0000  VIRIAL  =         0.0000  VOLUME     =    472041.7051
                                                    Density    =         1.0494
 ------------------------------------------------------------------------------

wrapping first mol.:       56.63821       80.09852        0.00000

 NSTEP =    45000   TIME(PS) =  918109.993  TEMP(K) =   297.57  PRESS =     0.0
 Etot   =   -171054.9038  EKtot   =     29608.7051  EPtot      =   -200663.6089
 BOND   =      1419.7329  ANGLE   =      3909.1679  DIHED      =      2260.7626
 UB     =         0.0000  IMP     =         0.0000  CMAP       =       371.2995
 1-4 NB =      1428.1726  1-4 EEL =     18842.5456  VDWAALS    =     34065.9296
 EELEC  =   -262961.2195  EHBOND  =         0.0000  RESTRAINT  =         0.0000
 EKCMT  =         0.0000  VIRIAL  =         0.0000  VOLUME     =    472041.7051
                                                    Density    =         1.0494
 ------------------------------------------------------------------------------


 NSTEP =    45500   TIME(PS) =  918110.993  TEMP(K) =   298.48  PRESS =     0.0
 Etot   =   -170793.3890  EKtot   =     29699.6992  EPtot      =   -200493.0882
 BOND   =      1339.8671  ANGLE   =      3876.5463  DIHED      =      2268.9192
 UB     =         0.0000  IMP     =         0.0000  CMAP       =       362.5788
 1-4 NB =      1464.6706  1-4 EEL =     18861.0838  VDWAALS    =     34573.9239
 EELEC  =   -263240.6779  EHBOND  =         0.0000  RESTRAINT  =         0.0000
 EKCMT  =         0.0000  VIRIAL  =         0.0000  VOLUME     =    471791.1559
                                                    Density    =         1.0499
 ------------------------------------------------------------------------------


 NSTEP =    46000   TIME(PS) =  918111.993  TEMP(K) =   297.02  PRESS =     0.0
 Etot   =   -170687.3912  EKtot   =     29554.5430  EPtot      =   -200241.9342
 BOND   =      1361.1242  ANGLE   =      3939.2052  DIHED      =      2247.0030
 UB     =         0.0000  IMP     =         0.0000  CMAP       =       371.0733
 1-4 NB =      1434.8469  1-4 EEL =     18828.0935  VDWAALS    =     34604.2472
 EELEC  =   -263027.5275  EHBOND  =         0.0000  RESTRAINT  =         0.0000
 EKCMT  =         0.0000  VIRIAL  =         0.0000  VOLUME     =    471873.2640
                                                    Density    =         1.0498
 ------------------------------------------------------------------------------


 NSTEP =    46500   TIME(PS) =  918112.993  TEMP(K) =   295.90  PRESS =     0.0
 Etot   =   -170808.4531  EKtot   =     29442.7773  EPtot      =   -200251.2304
 BOND   =      1387.4789  ANGLE   =      3875.3024  DIHED      =      2291.6813
 UB     =         0.0000  IMP     =         0.0000  CMAP       =       344.6464
 1-4 NB =      1432.8577  1-4 EEL =     18763.5079  VDWAALS    =     34463.2480
 EELEC  =   -262809.9530  EHBOND  =         0.0000  RESTRAINT  =         0.0000
 EKCMT  =         0.0000  VIRIAL  =         0.0000  VOLUME     =    471873.2640
                                                    Density    =         1.0498
 ------------------------------------------------------------------------------


 NSTEP =    47000   TIME(PS) =  918113.993  TEMP(K) =   297.73  PRESS =     0.0
 Etot   =   -170756.5738  EKtot   =     29625.3184  EPtot      =   -200381.8922
 BOND   =      1338.4979  ANGLE   =      3819.2535  DIHED      =      2275.8837
 UB     =         0.0000  IMP     =         0.0000  CMAP       =       363.8074
 1-4 NB =      1404.9547  1-4 EEL =     18800.1737  VDWAALS    =     34476.0582
 EELEC  =   -262860.5213  EHBOND  =         0.0000  RESTRAINT  =         0.0000
 EKCMT  =         0.0000  VIRIAL  =         0.0000  VOLUME     =    471328.5565
                                                    Density    =         1.0510
 ------------------------------------------------------------------------------


 NSTEP =    47500   TIME(PS) =  918114.993  TEMP(K) =   296.82  PRESS =     0.0
 Etot   =   -170740.6787  EKtot   =     29534.8242  EPtot      =   -200275.5030
 BOND   =      1335.6225  ANGLE   =      3813.7119  DIHED      =      2256.8310
 UB     =         0.0000  IMP     =         0.0000  CMAP       =       364.9868
 1-4 NB =      1459.8540  1-4 EEL =     18899.5341  VDWAALS    =     34429.2573
 EELEC  =   -262835.3006  EHBOND  =         0.0000  RESTRAINT  =         0.0000
 EKCMT  =         0.0000  VIRIAL  =         0.0000  VOLUME     =    471327.9797
                                                    Density    =         1.0510
 ------------------------------------------------------------------------------


 NSTEP =    48000   TIME(PS) =  918115.993  TEMP(K) =   299.23  PRESS =     0.0
 Etot   =   -170372.8595  EKtot   =     29774.6699  EPtot      =   -200147.5294
 BOND   =      1351.4138  ANGLE   =      3901.5690  DIHED      =      2259.1267
 UB     =         0.0000  IMP     =         0.0000  CMAP       =       363.0242
 1-4 NB =      1436.9336  1-4 EEL =     18843.1140  VDWAALS    =     34250.7180
 EELEC  =   -262553.4287  EHBOND  =         0.0000  RESTRAINT  =         0.0000
 EKCMT  =         0.0000  VIRIAL  =         0.0000  VOLUME     =    471981.7823
                                                    Density    =         1.0495
 ------------------------------------------------------------------------------


 NSTEP =    48500   TIME(PS) =  918116.993  TEMP(K) =   299.66  PRESS =     0.0
 Etot   =   -170215.6034  EKtot   =     29817.1855  EPtot      =   -200032.7890
 BOND   =      1391.3914  ANGLE   =      3893.5712  DIHED      =      2238.5260
 UB     =         0.0000  IMP     =         0.0000  CMAP       =       361.4646
 1-4 NB =      1406.0315  1-4 EEL =     18818.2063  VDWAALS    =     34540.0024
 EELEC  =   -262681.9823  EHBOND  =         0.0000  RESTRAINT  =         0.0000
 EKCMT  =         0.0000  VIRIAL  =         0.0000  VOLUME     =    470624.1785
                                                    Density    =         1.0525
 ------------------------------------------------------------------------------


 NSTEP =    49000   TIME(PS) =  918117.993  TEMP(K) =   297.39  PRESS =     0.0
 Etot   =   -170701.3676  EKtot   =     29590.9609  EPtot      =   -200292.3286
 BOND   =      1427.1801  ANGLE   =      3841.4585  DIHED      =      2273.4263
 UB     =         0.0000  IMP     =         0.0000  CMAP       =       349.9161
 1-4 NB =      1437.6553  1-4 EEL =     18891.0652  VDWAALS    =     34548.6199
 EELEC  =   -263061.6498  EHBOND  =         0.0000  RESTRAINT  =         0.0000
 EKCMT  =         0.0000  VIRIAL  =         0.0000  VOLUME     =    470405.1681
                                                    Density    =         1.0530
 ------------------------------------------------------------------------------


 NSTEP =    49500   TIME(PS) =  918118.993  TEMP(K) =   298.02  PRESS =     0.0
 Etot   =   -170496.3241  EKtot   =     29654.2324  EPtot      =   -200150.5565
 BOND   =      1402.2143  ANGLE   =      3883.0596  DIHED      =      2340.3506
 UB     =         0.0000  IMP     =         0.0000  CMAP       =       354.6466
 1-4 NB =      1453.1228  1-4 EEL =     18874.4085  VDWAALS    =     34546.8533
 EELEC  =   -263005.2122  EHBOND  =         0.0000  RESTRAINT  =         0.0000
 EKCMT  =         0.0000  VIRIAL  =         0.0000  VOLUME     =    470531.3463
                                                    Density    =         1.0528
 ------------------------------------------------------------------------------

wrapping first mol.:       56.57367       80.00725        0.00000
wrapping first mol.:       56.57367       80.00725        0.00000

 NSTEP =    50000   TIME(PS) =  918119.993  TEMP(K) =   298.56  PRESS =     0.0
 Etot   =   -170315.8624  EKtot   =     29707.5996  EPtot      =   -200023.4620
 BOND   =      1362.1623  ANGLE   =      3961.0843  DIHED      =      2292.9179
 UB     =         0.0000  IMP     =         0.0000  CMAP       =       371.9393
 1-4 NB =      1466.5917  1-4 EEL =     18864.2986  VDWAALS    =     34167.3330
 EELEC  =   -262509.7890  EHBOND  =         0.0000  RESTRAINT  =         0.0000
 EKCMT  =         0.0000  VIRIAL  =         0.0000  VOLUME     =    470429.9400
                                                    Density    =         1.0530
 ------------------------------------------------------------------------------


      A V E R A G E S   O V E R     100 S T E P S


 NSTEP =    50000   TIME(PS) =  918119.993  TEMP(K) =   297.81  PRESS =     0.0
 Etot   =   -170743.4033  EKtot   =     29632.6620  EPtot      =   -200376.0653
 BOND   =      1378.7708  ANGLE   =      3877.0367  DIHED      =      2277.4935
 UB     =         0.0000  IMP     =         0.0000  CMAP       =       369.0985
 1-4 NB =      1436.2258  1-4 EEL =     18847.2406  VDWAALS    =     34464.5322
 EELEC  =   -263026.4633  EHBOND  =         0.0000  RESTRAINT  =         0.0000
 EKCMT  =         0.0000  VIRIAL  =         0.0000  VOLUME     =    471850.1506
                                                    Density    =         1.0498
 ------------------------------------------------------------------------------


      R M S  F L U C T U A T I O N S


 NSTEP =    50000   TIME(PS) =  918119.993  TEMP(K) =     1.08  PRESS =     0.0
 Etot   =       219.7293  EKtot   =       107.2989  EPtot      =       172.8370
 BOND   =        28.9886  ANGLE   =        47.0889  DIHED      =        24.3944
 UB     =         0.0000  IMP     =         0.0000  CMAP       =         9.8722
 1-4 NB =        14.5875  1-4 EEL =        42.8682  VDWAALS    =       221.8649
 EELEC  =       309.9314  EHBOND  =         0.0000  RESTRAINT  =         0.0000
 EKCMT  =         0.0000  VIRIAL  =         0.0000  VOLUME     =       648.5217
                                                    Density    =         0.0014
 ------------------------------------------------------------------------------

| MC Barostat:        500 volume changes attempted.
| MC Barostat:        110 changes successful ( 22.00%)
 ------------------------------------------------------------------------------

--------------------------------------------------------------------------------
   5.  TIMINGS
--------------------------------------------------------------------------------

|  NonSetup CPU Time in Major Routines:
|
|     Routine           Sec        %
|     ------------------------------
|     Nonbond           6.40    6.60
|     Bond              0.00    0.00
|     Angle             0.00    0.00
|     Dihedral          0.00    0.00
|     Shake             0.18    0.19
|     RunMD            89.03   91.90
|     Other             1.26    1.30
|     ------------------------------
|     Total            96.87

|  PME Nonbond Pairlist CPU Time:
|
|     Routine              Sec        %
|     ---------------------------------
|     Set Up Cit           0.00    0.00
|     Build List           0.00    0.00
|     ---------------------------------
|     Total                0.00    0.00

|  PME Direct Force CPU Time:
|
|     Routine              Sec        %
|     ---------------------------------
|     NonBonded Calc       0.00    0.00
|     Exclude Masked       0.00    0.00
|     Other                0.13    0.13
|     ---------------------------------
|     Total                0.13    0.13

|  PME Reciprocal Force CPU Time:
|
|     Routine              Sec        %
|     ---------------------------------
|     1D bspline           0.00    0.00
|     Grid Charges         0.00    0.00
|     Scalar Sum           0.00    0.00
|     Gradient Sum         0.00    0.00
|     FFT                  0.00    0.00
|     ---------------------------------
|     Total                0.00    0.00

|  Final Performance Info:
|     -----------------------------------------------------
|     Average timings for last   18500 steps:
|     Elapsed(s) =      35.86 Per Step(ms) =       1.94
|         ns/day =      89.15   seconds/ns =     969.12
|
|     Average timings for all steps:
|     Elapsed(s) =      96.93 Per Step(ms) =       1.94
|         ns/day =      89.14   seconds/ns =     969.27
|     -----------------------------------------------------

|  Setup CPU time:            1.03 seconds
|  NonSetup CPU time:        96.87 seconds
|  Total CPU time:           97.90 seconds     0.03 hours

|  Setup wall time:           1    seconds
|  NonSetup wall time:       97    seconds
|  Total wall time:          98    seconds     0.03 hours
