
          -------------------------------------------------------
          Amber 20 PMEMD                              2020
          -------------------------------------------------------

| PMEMD implementation of SANDER, Release 18

|  Compiled date/time: Sun Jun 28 17:40:03 2020
| Run on 10/21/2024 at 15:25:36

|   Executable path: pmemd.cuda
| Working directory: /ix/lchong/lel178/torsion_scaling/amber_lambda/weha_epr/generate_initial_structures
|          Hostname: gpu-n16

  [-O]verwriting output

File Assignments:
|   MDIN: prod.in                                                               
|  MDOUT: prod5.out                                                             
| INPCRD: prod4.rst                                                             
|   PARM: modified.prmtop                                                       
| RESTRT: prod5.rst                                                             
|   REFC: refc                                                                  
|  MDVEL: mdvel                                                                 
|   MDEN: mden                                                                  
|  MDCRD: prod5.nc                                                              
| MDINFO: prod5.nfo                                                             
|  MDFRC: mdfrc                                                                 


 Here is the input file:

100 ns NPT production using Langevin thermostat and MC barostat                
&cntrl                                                                         
 irest   = 1,                                                                  
 ntx    = 5,                                                                   
 ig    = -1,                                                                   
 dt    = 0.002,                                                                
 nstlim  = 50000,                                                              
 nscm   = 500,                                                                 
 ntr    = 0,                                                                   
 ntb    = 2,                                                                   
 ntp    = 1,                                                                   
 barostat = 2,                                                                 
 pres0   = 1.0,                                                                
 mcbarint = 100,                                                               
 comp   = 44.6,                                                                
 taup   = 1.0,                                                                 
 ntt    = 3,                                                                   
 temp0   = 298.0,                                                              
 gamma_ln = 1.0,                                                               
 ntf    = 2,                                                                   
 ntc    = 2,                                                                   
 cut    = 10.0,                                                                
 ntpr   = 500,                                                                 
 ntxo   = 2,                                                                   
 ntwr   = 50000,                                                               
 ioutfm  = 1,                                                                  
 ntwx   = 5000,                                                                
 iwrap   = 1,                                                                  
&end                                                                           
                                                                               


Note: ig = -1. Setting random seed to   715977 based on wallclock time in 
      microseconds.
| irandom = 1, using AMBER's internal random number generator (default).
 
|--------------------- INFORMATION ----------------------
| GPU (CUDA) Version of PMEMD in use: NVIDIA GPU IN USE.
|                    Version 18.0.0
| 
|                      03/25/2018
| 
| Implementation by:
|                    Ross C. Walker     (SDSC)
|                    Scott Le Grand     (nVIDIA)
| 
| Version 18 performance extensions by:
|                    David Cerutti     (Rutgers)
| 
| Precision model in use:
|      [SPFP] - Single Precision Forces, 64-bit Fixed Point
|               Accumulation. (Default)
| 
|--------------------------------------------------------
 
|----------------- CITATION INFORMATION -----------------
|
|    When publishing work that utilized the CUDA version
|    of AMBER, please cite the following in addition to
|    the regular AMBER citations:
|
|  - Romelia Salomon-Ferrer; Andreas W. Goetz; Duncan
|    Poole; Scott Le Grand; Ross C. Walker "Routine
|    microsecond molecular dynamics simulations with
|    AMBER - Part II: Particle Mesh Ewald", J. Chem.
|    Theory Comput., 2013, 9 (9), pp3878-3888,
|    DOI: 10.1021/ct400314y.
|
|  - Andreas W. Goetz; Mark J. Williamson; Dong Xu;
|    Duncan Poole; Scott Le Grand; Ross C. Walker
|    "Routine microsecond molecular dynamics simulations
|    with AMBER - Part I: Generalized Born", J. Chem.
|    Theory Comput., 2012, 8 (5), pp1542-1555.
|
|  - Scott Le Grand; Andreas W. Goetz; Ross C. Walker
|    "SPFP: Speed without compromise - a mixed precision
|    model for GPU accelerated molecular dynamics
|    simulations.", Comp. Phys. Comm., 2013, 184
|    pp374-380, DOI: 10.1016/j.cpc.2012.09.022
|
|--------------------------------------------------------
 
|------------------- GPU DEVICE INFO --------------------
|
|            CUDA_VISIBLE_DEVICES: 0
|   CUDA Capable Devices Detected:      1
|           CUDA Device ID in use:      0
|                CUDA Device Name: NVIDIA GeForce GTX 1080 Ti
|     CUDA Device Global Mem Size:  11165 MB
| CUDA Device Num Multiprocessors:     28
|           CUDA Device Core Freq:   1.58 GHz
|
|--------------------------------------------------------
 
 
| Conditional Compilation Defines Used:
| PUBFFT
| BINTRAJ
| CUDA
| EMIL

| Largest sphere to fit in unit cell has radius =    34.644

| New format PARM file being parsed.
| Version =    1.000 Date = 03/03/22 Time = 12:44:41

| Note: 1-4 EEL scale factors are being read from the topology file.

| Note: 1-4 VDW scale factors are being read from the topology file.
| INFO:    Virtual site frames will be inferred from bonding patterns.
| Duplicated    0 dihedrals

| Duplicated    0 dihedrals

--------------------------------------------------------------------------------
   1.  RESOURCE   USE: 
--------------------------------------------------------------------------------

 getting box info from netcdf restart file
 NATOM  =   61840 NTYPES =      20 NBONH =   44555 MBONA  =   17315
 NTHETH =    8566 MTHETA =    5020 NPHIH =   16738 MPHIA  =   15674
 NHPARM =       0 NPARM  =       0 NNB   =  136319 NRES   =   14105
 NBONA  =   17315 NTHETA =    5020 NPHIA =   15674 NUMBND =      94
 NUMANG =     223 NPTRA  =     205 NATYP =      47 NPHB   =       0
 IFBOX  =       2 NMXRS  =      42 IFCAP =       0 NEXTRA =   13607
 NCOPY  =       0


| Coordinate Index Table dimensions:    13   13   13
| Direct force subcell size =     6.5277    6.5277    6.5277

     BOX TYPE: TRUNCATED OCTAHEDRON

--------------------------------------------------------------------------------
   2.  CONTROL  DATA  FOR  THE  RUN
--------------------------------------------------------------------------------

default_name                                                                    

General flags:
     imin    =       0, nmropt  =       0

Nature and format of input:
     ntx     =       5, irest   =       1, ntrx    =       1

Nature and format of output:
     ntxo    =       2, ntpr    =     500, ntrx    =       1, ntwr    =   50000
     iwrap   =       1, ntwx    =    5000, ntwv    =       0, ntwe    =       0
     ioutfm  =       1, ntwprt  =       0, idecomp =       0, rbornstat=      0

Potential function:
     ntf     =       2, ntb     =       2, igb     =       0, nsnb    =      25
     ipol    =       0, gbsa    =       0, iesp    =       0
     dielc   =   1.00000, cut     =  10.00000, intdiel =   1.00000

Frozen or restrained atoms:
     ibelly  =       0, ntr     =       0

Molecular dynamics:
     nstlim  =     50000, nscm    =       500, nrespa  =         1
     t       =   0.00000, dt      =   0.00200, vlimit  =  -1.00000

Langevin dynamics temperature regulation:
     ig      =  715977
     temp0   = 298.00000, tempi   =   0.00000, gamma_ln=   1.00000

Pressure regulation:
     ntp     =       1
     pres0   =   1.00000, comp    =  44.60000, taup    =   1.00000
     Monte-Carlo Barostat:
     mcbarint  =     100

SHAKE:
     ntc     =       2, jfastw  =       0
     tol     =   0.00001

| Intermolecular bonds treatment:
|     no_intermolecular_bonds =       1

| Energy averages sample interval:
|     ene_avg_sampling =     500

Extra-points options:
     frameon =       1, chngmask=       1

Ewald parameters:
     verbose =       0, ew_type =       0, nbflag  =       1, use_pme =       1
     vdwmeth =       1, eedmeth =       1, netfrc  =       1
     Box X =   84.861   Box Y =   84.861   Box Z =   84.861
     Alpha =  109.471   Beta  =  109.471   Gamma =  109.471
     NFFT1 =   96       NFFT2 =   96       NFFT3 =   96
     Cutoff=   10.000   Tol   =0.100E-04
     Ewald Coefficient =  0.27511
     Interpolation order =    4
|      EXTRA_PTS, trim_bonds: num bonds BEFORE trim = 44555     0
|      EXTRA_PTS, trim_bonds: num bonds AFTER  trim = 44555     0
|      EXTRA_PTS, trim_bonds: num bonds BEFORE trim = 17315     0
|      EXTRA_PTS, trim_bonds: num bonds AFTER  trim =  3708     0
|      EXTRA_PTS, trim_theta: num angle BEFORE trim =  8566     0
|      EXTRA_PTS, trim_theta: num angle AFTER  trim =  8566     0
|      EXTRA_PTS, trim_theta: num angle BEFORE trim =  5020     0
|      EXTRA_PTS, trim_theta: num angle AFTER  trim =  5020     0
|      EXTRA_PTS, trim_phi:  num diheds BEFORE trim = 16738     0
|      EXTRA_PTS, trim_phi:  num diheds AFTER  trim = 16738     0
|      EXTRA_PTS, trim_phi:  num diheds BEFORE trim = 15674     0
|      EXTRA_PTS, trim_phi:  num diheds AFTER  trim = 15674     0
| MONTE CARLO BAROSTAT IMPORTANT NOTE:
|   The Monte-Carlo barostat does not require the virial to adjust the system volume.
|   Since it is an expensive calculation, it is skipped for efficiency. A side-effect
|   is that the reported pressure is always 0 because it is not calculated.

--------------------------------------------------------------------------------
   3.  ATOMIC COORDINATES AND VELOCITIES
--------------------------------------------------------------------------------

default_name                                                                    
 begin time read from input coords =918119.993 ps

 
 Number of triangulated 3-point waters found:    13607

     Sum of charges from parm topology file =   0.00007849
     Forcing neutrality...

| Dynamic Memory, Types Used:
| Reals             2571942
| Integers          4751338

| Nonbonded Pairs Initial Allocation:    18705054

| GPU memory information (estimate):
| KB of GPU memory in use:    486351
| KB of CPU memory in use:    117075

--------------------------------------------------------------------------------
   4.  RESULTS
--------------------------------------------------------------------------------


 NSTEP =      500   TIME(PS) =  918120.993  TEMP(K) =   298.03  PRESS =     0.0
 Etot   =   -170562.1433  EKtot   =     29654.8574  EPtot      =   -200217.0007
 BOND   =      1351.8698  ANGLE   =      3790.7431  DIHED      =      2261.4175
 UB     =         0.0000  IMP     =         0.0000  CMAP       =       380.8884
 1-4 NB =      1450.3628  1-4 EEL =     18941.7591  VDWAALS    =     34656.3549
 EELEC  =   -263050.3964  EHBOND  =         0.0000  RESTRAINT  =         0.0000
 EKCMT  =         0.0000  VIRIAL  =         0.0000  VOLUME     =    470452.0797
                                                    Density    =         1.0529
 ------------------------------------------------------------------------------

| MC Barostat: Decreasing size of volume moves

 NSTEP =     1000   TIME(PS) =  918121.993  TEMP(K) =   296.77  PRESS =     0.0
 Etot   =   -170886.0239  EKtot   =     29529.7246  EPtot      =   -200415.7485
 BOND   =      1357.6503  ANGLE   =      3853.6124  DIHED      =      2256.5682
 UB     =         0.0000  IMP     =         0.0000  CMAP       =       371.2020
 1-4 NB =      1444.3169  1-4 EEL =     18884.1971  VDWAALS    =     34283.7541
 EELEC  =   -262867.0495  EHBOND  =         0.0000  RESTRAINT  =         0.0000
 EKCMT  =         0.0000  VIRIAL  =         0.0000  VOLUME     =    470436.7064
                                                    Density    =         1.0530
 ------------------------------------------------------------------------------


 NSTEP =     1500   TIME(PS) =  918122.993  TEMP(K) =   296.83  PRESS =     0.0
 Etot   =   -170836.4204  EKtot   =     29535.6523  EPtot      =   -200372.0727
 BOND   =      1368.2401  ANGLE   =      3876.9713  DIHED      =      2218.7371
 UB     =         0.0000  IMP     =         0.0000  CMAP       =       362.7385
 1-4 NB =      1456.7532  1-4 EEL =     18871.7584  VDWAALS    =     34162.2183
 EELEC  =   -262689.4896  EHBOND  =         0.0000  RESTRAINT  =         0.0000
 EKCMT  =         0.0000  VIRIAL  =         0.0000  VOLUME     =    470436.7064
                                                    Density    =         1.0530
 ------------------------------------------------------------------------------

| MC Barostat: Decreasing size of volume moves

 NSTEP =     2000   TIME(PS) =  918123.993  TEMP(K) =   297.33  PRESS =     0.0
 Etot   =   -171122.6398  EKtot   =     29585.4434  EPtot      =   -200708.0832
 BOND   =      1311.0741  ANGLE   =      3779.2027  DIHED      =      2273.6860
 UB     =         0.0000  IMP     =         0.0000  CMAP       =       359.2335
 1-4 NB =      1471.5538  1-4 EEL =     18937.0087  VDWAALS    =     34730.8086
 EELEC  =   -263570.6506  EHBOND  =         0.0000  RESTRAINT  =         0.0000
 EKCMT  =         0.0000  VIRIAL  =         0.0000  VOLUME     =    470436.7064
                                                    Density    =         1.0530
 ------------------------------------------------------------------------------


 NSTEP =     2500   TIME(PS) =  918124.993  TEMP(K) =   296.49  PRESS =     0.0
 Etot   =   -170865.9895  EKtot   =     29501.5840  EPtot      =   -200367.5735
 BOND   =      1418.8375  ANGLE   =      3843.0703  DIHED      =      2294.0908
 UB     =         0.0000  IMP     =         0.0000  CMAP       =       361.4223
 1-4 NB =      1434.2204  1-4 EEL =     18831.0385  VDWAALS    =     34658.6263
 EELEC  =   -263208.8797  EHBOND  =         0.0000  RESTRAINT  =         0.0000
 EKCMT  =         0.0000  VIRIAL  =         0.0000  VOLUME     =    470436.7064
                                                    Density    =         1.0530
 ------------------------------------------------------------------------------

| MC Barostat: Decreasing size of volume moves

 NSTEP =     3000   TIME(PS) =  918125.993  TEMP(K) =   298.60  PRESS =     0.0
 Etot   =   -170761.1330  EKtot   =     29711.3906  EPtot      =   -200472.5236
 BOND   =      1310.0694  ANGLE   =      3826.5095  DIHED      =      2303.7787
 UB     =         0.0000  IMP     =         0.0000  CMAP       =       343.7417
 1-4 NB =      1438.1225  1-4 EEL =     18878.7647  VDWAALS    =     34922.6081
 EELEC  =   -263496.1182  EHBOND  =         0.0000  RESTRAINT  =         0.0000
 EKCMT  =         0.0000  VIRIAL  =         0.0000  VOLUME     =    470436.7064
                                                    Density    =         1.0530
 ------------------------------------------------------------------------------


 NSTEP =     3500   TIME(PS) =  918126.993  TEMP(K) =   298.16  PRESS =     0.0
 Etot   =   -170656.1791  EKtot   =     29667.9355  EPtot      =   -200324.1147
 BOND   =      1391.3043  ANGLE   =      3905.4878  DIHED      =      2273.2477
 UB     =         0.0000  IMP     =         0.0000  CMAP       =       356.5806
 1-4 NB =      1428.2661  1-4 EEL =     18840.8700  VDWAALS    =     34266.6172
 EELEC  =   -262786.4884  EHBOND  =         0.0000  RESTRAINT  =         0.0000
 EKCMT  =         0.0000  VIRIAL  =         0.0000  VOLUME     =    470436.7064
                                                    Density    =         1.0530
 ------------------------------------------------------------------------------

| MC Barostat: Decreasing size of volume moves

 NSTEP =     4000   TIME(PS) =  918127.993  TEMP(K) =   299.07  PRESS =     0.0
 Etot   =   -170599.0729  EKtot   =     29758.2793  EPtot      =   -200357.3522
 BOND   =      1356.5167  ANGLE   =      3963.4939  DIHED      =      2256.5894
 UB     =         0.0000  IMP     =         0.0000  CMAP       =       369.3857
 1-4 NB =      1445.1599  1-4 EEL =     18817.4001  VDWAALS    =     34322.9638
 EELEC  =   -262888.8617  EHBOND  =         0.0000  RESTRAINT  =         0.0000
 EKCMT  =         0.0000  VIRIAL  =         0.0000  VOLUME     =    470436.7064
                                                    Density    =         1.0530
 ------------------------------------------------------------------------------


 NSTEP =     4500   TIME(PS) =  918128.993  TEMP(K) =   298.03  PRESS =     0.0
 Etot   =   -170578.3126  EKtot   =     29654.6602  EPtot      =   -200232.9727
 BOND   =      1380.2599  ANGLE   =      3846.9424  DIHED      =      2260.1646
 UB     =         0.0000  IMP     =         0.0000  CMAP       =       349.0310
 1-4 NB =      1411.0631  1-4 EEL =     18768.0951  VDWAALS    =     34021.2109
 EELEC  =   -262269.7398  EHBOND  =         0.0000  RESTRAINT  =         0.0000
 EKCMT  =         0.0000  VIRIAL  =         0.0000  VOLUME     =    470436.7064
                                                    Density    =         1.0530
 ------------------------------------------------------------------------------

| MC Barostat: Decreasing size of volume moves
wrapping first mol.:       56.57094       80.00338        0.00000

 NSTEP =     5000   TIME(PS) =  918129.993  TEMP(K) =   298.71  PRESS =     0.0
 Etot   =   -170372.5340  EKtot   =     29722.7910  EPtot      =   -200095.3250
 BOND   =      1395.1322  ANGLE   =      3910.6143  DIHED      =      2258.6820
 UB     =         0.0000  IMP     =         0.0000  CMAP       =       346.6351
 1-4 NB =      1443.4586  1-4 EEL =     18859.2278  VDWAALS    =     34352.0455
 EELEC  =   -262661.1204  EHBOND  =         0.0000  RESTRAINT  =         0.0000
 EKCMT  =         0.0000  VIRIAL  =         0.0000  VOLUME     =    470361.7051
                                                    Density    =         1.0531
 ------------------------------------------------------------------------------


 NSTEP =     5500   TIME(PS) =  918130.993  TEMP(K) =   298.24  PRESS =     0.0
 Etot   =   -170209.8387  EKtot   =     29675.8691  EPtot      =   -199885.7079
 BOND   =      1334.5600  ANGLE   =      3934.2350  DIHED      =      2243.5841
 UB     =         0.0000  IMP     =         0.0000  CMAP       =       378.2731
 1-4 NB =      1433.0648  1-4 EEL =     18856.5069  VDWAALS    =     34247.9776
 EELEC  =   -262313.9095  EHBOND  =         0.0000  RESTRAINT  =         0.0000
 EKCMT  =         0.0000  VIRIAL  =         0.0000  VOLUME     =    470108.9094
                                                    Density    =         1.0537
 ------------------------------------------------------------------------------

| MC Barostat: Decreasing size of volume moves

 NSTEP =     6000   TIME(PS) =  918131.993  TEMP(K) =   296.82  PRESS =     0.0
 Etot   =   -170320.6193  EKtot   =     29534.4297  EPtot      =   -199855.0490
 BOND   =      1446.1963  ANGLE   =      3906.2193  DIHED      =      2307.8861
 UB     =         0.0000  IMP     =         0.0000  CMAP       =       362.3316
 1-4 NB =      1434.1368  1-4 EEL =     18801.0900  VDWAALS    =     34204.3504
 EELEC  =   -262317.2595  EHBOND  =         0.0000  RESTRAINT  =         0.0000
 EKCMT  =         0.0000  VIRIAL  =         0.0000  VOLUME     =    470108.9094
                                                    Density    =         1.0537
 ------------------------------------------------------------------------------


 NSTEP =     6500   TIME(PS) =  918132.993  TEMP(K) =   297.26  PRESS =     0.0
 Etot   =   -170756.5918  EKtot   =     29577.7520  EPtot      =   -200334.3438
 BOND   =      1339.0239  ANGLE   =      3890.9247  DIHED      =      2243.3961
 UB     =         0.0000  IMP     =         0.0000  CMAP       =       369.9971
 1-4 NB =      1450.0392  1-4 EEL =     18857.1063  VDWAALS    =     34360.5614
 EELEC  =   -262845.3924  EHBOND  =         0.0000  RESTRAINT  =         0.0000
 EKCMT  =         0.0000  VIRIAL  =         0.0000  VOLUME     =    470328.3271
                                                    Density    =         1.0532
 ------------------------------------------------------------------------------

| MC Barostat: Decreasing size of volume moves

 NSTEP =     7000   TIME(PS) =  918133.993  TEMP(K) =   298.39  PRESS =     0.0
 Etot   =   -170455.5625  EKtot   =     29691.0312  EPtot      =   -200146.5937
 BOND   =      1445.1903  ANGLE   =      3887.8354  DIHED      =      2259.4238
 UB     =         0.0000  IMP     =         0.0000  CMAP       =       378.9131
 1-4 NB =      1441.8087  1-4 EEL =     18753.1326  VDWAALS    =     34022.2564
 EELEC  =   -262335.1540  EHBOND  =         0.0000  RESTRAINT  =         0.0000
 EKCMT  =         0.0000  VIRIAL  =         0.0000  VOLUME     =    470863.3883
                                                    Density    =         1.0520
 ------------------------------------------------------------------------------


 NSTEP =     7500   TIME(PS) =  918134.993  TEMP(K) =   297.58  PRESS =     0.0
 Etot   =   -170326.6752  EKtot   =     29609.7617  EPtot      =   -199936.4370
 BOND   =      1343.3324  ANGLE   =      4017.9883  DIHED      =      2302.7961
 UB     =         0.0000  IMP     =         0.0000  CMAP       =       355.9168
 1-4 NB =      1461.9367  1-4 EEL =     18854.6247  VDWAALS    =     33888.9381
 EELEC  =   -262161.9700  EHBOND  =         0.0000  RESTRAINT  =         0.0000
 EKCMT  =         0.0000  VIRIAL  =         0.0000  VOLUME     =    471943.1133
                                                    Density    =         1.0496
 ------------------------------------------------------------------------------

| MC Barostat: Decreasing size of volume moves

 NSTEP =     8000   TIME(PS) =  918135.993  TEMP(K) =   297.98  PRESS =     0.0
 Etot   =   -170444.2884  EKtot   =     29649.8828  EPtot      =   -200094.1712
 BOND   =      1388.4491  ANGLE   =      3844.8604  DIHED      =      2257.0271
 UB     =         0.0000  IMP     =         0.0000  CMAP       =       361.6255
 1-4 NB =      1449.6030  1-4 EEL =     18888.3063  VDWAALS    =     34121.6657
 EELEC  =   -262405.7084  EHBOND  =         0.0000  RESTRAINT  =         0.0000
 EKCMT  =         0.0000  VIRIAL  =         0.0000  VOLUME     =    471943.1133
                                                    Density    =         1.0496
 ------------------------------------------------------------------------------


 NSTEP =     8500   TIME(PS) =  918136.993  TEMP(K) =   298.13  PRESS =     0.0
 Etot   =   -170281.4020  EKtot   =     29664.9258  EPtot      =   -199946.3278
 BOND   =      1382.7275  ANGLE   =      3886.2064  DIHED      =      2284.3866
 UB     =         0.0000  IMP     =         0.0000  CMAP       =       368.8784
 1-4 NB =      1423.1693  1-4 EEL =     18876.3136  VDWAALS    =     34158.8965
 EELEC  =   -262326.9059  EHBOND  =         0.0000  RESTRAINT  =         0.0000
 EKCMT  =         0.0000  VIRIAL  =         0.0000  VOLUME     =    471843.1310
                                                    Density    =         1.0498
 ------------------------------------------------------------------------------

| MC Barostat: Decreasing size of volume moves

 NSTEP =     9000   TIME(PS) =  918137.993  TEMP(K) =   296.85  PRESS =     0.0
 Etot   =   -170571.7720  EKtot   =     29537.7363  EPtot      =   -200109.5083
 BOND   =      1374.5666  ANGLE   =      3841.8745  DIHED      =      2294.9144
 UB     =         0.0000  IMP     =         0.0000  CMAP       =       375.7951
 1-4 NB =      1429.3608  1-4 EEL =     18754.8414  VDWAALS    =     34310.9718
 EELEC  =   -262491.8329  EHBOND  =         0.0000  RESTRAINT  =         0.0000
 EKCMT  =         0.0000  VIRIAL  =         0.0000  VOLUME     =    471049.2299
                                                    Density    =         1.0516
 ------------------------------------------------------------------------------


 NSTEP =     9500   TIME(PS) =  918138.993  TEMP(K) =   298.09  PRESS =     0.0
 Etot   =   -170281.1001  EKtot   =     29660.4219  EPtot      =   -199941.5220
 BOND   =      1407.6223  ANGLE   =      3786.5268  DIHED      =      2271.7480
 UB     =         0.0000  IMP     =         0.0000  CMAP       =       380.1653
 1-4 NB =      1448.9849  1-4 EEL =     18931.9116  VDWAALS    =     34193.7337
 EELEC  =   -262362.2146  EHBOND  =         0.0000  RESTRAINT  =         0.0000
 EKCMT  =         0.0000  VIRIAL  =         0.0000  VOLUME     =    471049.2299
                                                    Density    =         1.0516
 ------------------------------------------------------------------------------

| MC Barostat: Decreasing size of volume moves
wrapping first mol.:       56.58005       80.01627        0.00000

 NSTEP =    10000   TIME(PS) =  918139.993  TEMP(K) =   298.66  PRESS =     0.0
 Etot   =   -170409.2338  EKtot   =     29717.3652  EPtot      =   -200126.5990
 BOND   =      1369.0058  ANGLE   =      3821.0063  DIHED      =      2302.7148
 UB     =         0.0000  IMP     =         0.0000  CMAP       =       367.2072
 1-4 NB =      1445.2108  1-4 EEL =     18869.6619  VDWAALS    =     34510.6878
 EELEC  =   -262812.0936  EHBOND  =         0.0000  RESTRAINT  =         0.0000
 EKCMT  =         0.0000  VIRIAL  =         0.0000  VOLUME     =    470588.9705
                                                    Density    =         1.0526
 ------------------------------------------------------------------------------


 NSTEP =    10500   TIME(PS) =  918140.993  TEMP(K) =   298.72  PRESS =     0.0
 Etot   =   -170309.1972  EKtot   =     29723.6777  EPtot      =   -200032.8750
 BOND   =      1379.8752  ANGLE   =      3914.1017  DIHED      =      2274.9722
 UB     =         0.0000  IMP     =         0.0000  CMAP       =       360.5052
 1-4 NB =      1465.7797  1-4 EEL =     18942.8815  VDWAALS    =     34267.9059
 EELEC  =   -262638.8962  EHBOND  =         0.0000  RESTRAINT  =         0.0000
 EKCMT  =         0.0000  VIRIAL  =         0.0000  VOLUME     =    471166.9300
                                                    Density    =         1.0513
 ------------------------------------------------------------------------------

| MC Barostat: Decreasing size of volume moves

 NSTEP =    11000   TIME(PS) =  918141.993  TEMP(K) =   300.32  PRESS =     0.0
 Etot   =   -170185.9903  EKtot   =     29882.7168  EPtot      =   -200068.7071
 BOND   =      1415.7072  ANGLE   =      3829.2906  DIHED      =      2294.6035
 UB     =         0.0000  IMP     =         0.0000  CMAP       =       358.8666
 1-4 NB =      1463.3385  1-4 EEL =     18833.9865  VDWAALS    =     34473.6126
 EELEC  =   -262738.1126  EHBOND  =         0.0000  RESTRAINT  =         0.0000
 EKCMT  =         0.0000  VIRIAL  =         0.0000  VOLUME     =    471186.3619
                                                    Density    =         1.0513
 ------------------------------------------------------------------------------


 NSTEP =    11500   TIME(PS) =  918142.993  TEMP(K) =   298.73  PRESS =     0.0
 Etot   =   -170486.3584  EKtot   =     29723.9824  EPtot      =   -200210.3408
 BOND   =      1431.3375  ANGLE   =      3826.5308  DIHED      =      2269.3850
 UB     =         0.0000  IMP     =         0.0000  CMAP       =       357.2615
 1-4 NB =      1454.4836  1-4 EEL =     18872.6406  VDWAALS    =     34310.6209
 EELEC  =   -262732.6008  EHBOND  =         0.0000  RESTRAINT  =         0.0000
 EKCMT  =         0.0000  VIRIAL  =         0.0000  VOLUME     =    471186.3619
                                                    Density    =         1.0513
 ------------------------------------------------------------------------------

| MC Barostat: Decreasing size of volume moves

 NSTEP =    12000   TIME(PS) =  918143.993  TEMP(K) =   296.70  PRESS =     0.0
 Etot   =   -170623.2684  EKtot   =     29522.8613  EPtot      =   -200146.1297
 BOND   =      1380.3166  ANGLE   =      3891.6755  DIHED      =      2270.3356
 UB     =         0.0000  IMP     =         0.0000  CMAP       =       361.5582
 1-4 NB =      1449.5441  1-4 EEL =     18916.5420  VDWAALS    =     34538.4877
 EELEC  =   -262954.5894  EHBOND  =         0.0000  RESTRAINT  =         0.0000
 EKCMT  =         0.0000  VIRIAL  =         0.0000  VOLUME     =    470711.9672
                                                    Density    =         1.0523
 ------------------------------------------------------------------------------


 NSTEP =    12500   TIME(PS) =  918144.993  TEMP(K) =   297.96  PRESS =     0.0
 Etot   =   -170556.3346  EKtot   =     29647.7246  EPtot      =   -200204.0592
 BOND   =      1456.9547  ANGLE   =      3910.1073  DIHED      =      2248.6407
 UB     =         0.0000  IMP     =         0.0000  CMAP       =       363.9624
 1-4 NB =      1421.9190  1-4 EEL =     18910.5343  VDWAALS    =     34256.1635
 EELEC  =   -262772.3411  EHBOND  =         0.0000  RESTRAINT  =         0.0000
 EKCMT  =         0.0000  VIRIAL  =         0.0000  VOLUME     =    470711.9672
                                                    Density    =         1.0523
 ------------------------------------------------------------------------------

| MC Barostat: Decreasing size of volume moves

 NSTEP =    13000   TIME(PS) =  918145.993  TEMP(K) =   299.74  PRESS =     0.0
 Etot   =   -170416.2607  EKtot   =     29824.9863  EPtot      =   -200241.2470
 BOND   =      1407.0580  ANGLE   =      3879.7692  DIHED      =      2277.5595
 UB     =         0.0000  IMP     =         0.0000  CMAP       =       357.3878
 1-4 NB =      1458.8537  1-4 EEL =     18819.0664  VDWAALS    =     34318.0616
 EELEC  =   -262759.0031  EHBOND  =         0.0000  RESTRAINT  =         0.0000
 EKCMT  =         0.0000  VIRIAL  =         0.0000  VOLUME     =    471664.2246
                                                    Density    =         1.0502
 ------------------------------------------------------------------------------


 NSTEP =    13500   TIME(PS) =  918146.993  TEMP(K) =   296.35  PRESS =     0.0
 Etot   =   -170713.9206  EKtot   =     29487.7188  EPtot      =   -200201.6394
 BOND   =      1466.0013  ANGLE   =      3811.0262  DIHED      =      2296.2826
 UB     =         0.0000  IMP     =         0.0000  CMAP       =       359.8313
 1-4 NB =      1448.6775  1-4 EEL =     18909.0225  VDWAALS    =     34514.1340
 EELEC  =   -263006.6148  EHBOND  =         0.0000  RESTRAINT  =         0.0000
 EKCMT  =         0.0000  VIRIAL  =         0.0000  VOLUME     =    471664.2246
                                                    Density    =         1.0502
 ------------------------------------------------------------------------------

| MC Barostat: Decreasing size of volume moves

 NSTEP =    14000   TIME(PS) =  918147.993  TEMP(K) =   299.25  PRESS =     0.0
 Etot   =   -170458.6799  EKtot   =     29776.5879  EPtot      =   -200235.2678
 BOND   =      1341.6230  ANGLE   =      3846.7345  DIHED      =      2278.2149
 UB     =         0.0000  IMP     =         0.0000  CMAP       =       366.8493
 1-4 NB =      1452.2182  1-4 EEL =     18915.2889  VDWAALS    =     34557.0304
 EELEC  =   -262993.2271  EHBOND  =         0.0000  RESTRAINT  =         0.0000
 EKCMT  =         0.0000  VIRIAL  =         0.0000  VOLUME     =    471811.5502
                                                    Density    =         1.0499
 ------------------------------------------------------------------------------


 NSTEP =    14500   TIME(PS) =  918148.993  TEMP(K) =   297.53  PRESS =     0.0
 Etot   =   -170769.4085  EKtot   =     29605.4805  EPtot      =   -200374.8890
 BOND   =      1350.0227  ANGLE   =      3883.7957  DIHED      =      2239.3683
 UB     =         0.0000  IMP     =         0.0000  CMAP       =       390.1224
 1-4 NB =      1447.6744  1-4 EEL =     18929.8668  VDWAALS    =     34478.5381
 EELEC  =   -263094.2774  EHBOND  =         0.0000  RESTRAINT  =         0.0000
 EKCMT  =         0.0000  VIRIAL  =         0.0000  VOLUME     =    471811.5502
                                                    Density    =         1.0499
 ------------------------------------------------------------------------------

| MC Barostat: Decreasing size of volume moves
wrapping first mol.:       56.64647       80.11020        0.00000

 NSTEP =    15000   TIME(PS) =  918149.993  TEMP(K) =   298.83  PRESS =     0.0
 Etot   =   -170635.8277  EKtot   =     29734.2539  EPtot      =   -200370.0816
 BOND   =      1362.7384  ANGLE   =      3823.9227  DIHED      =      2278.3687
 UB     =         0.0000  IMP     =         0.0000  CMAP       =       363.8994
 1-4 NB =      1455.6145  1-4 EEL =     18915.9912  VDWAALS    =     34618.0489
 EELEC  =   -263188.6654  EHBOND  =         0.0000  RESTRAINT  =         0.0000
 EKCMT  =         0.0000  VIRIAL  =         0.0000  VOLUME     =    472248.2315
                                                    Density    =         1.0489
 ------------------------------------------------------------------------------


 NSTEP =    15500   TIME(PS) =  918150.993  TEMP(K) =   298.25  PRESS =     0.0
 Etot   =   -170649.3932  EKtot   =     29676.4980  EPtot      =   -200325.8912
 BOND   =      1374.8170  ANGLE   =      3884.1174  DIHED      =      2269.8292
 UB     =         0.0000  IMP     =         0.0000  CMAP       =       384.4386
 1-4 NB =      1414.0870  1-4 EEL =     18858.4261  VDWAALS    =     34179.7184
 EELEC  =   -262691.3249  EHBOND  =         0.0000  RESTRAINT  =         0.0000
 EKCMT  =         0.0000  VIRIAL  =         0.0000  VOLUME     =    471500.3072
                                                    Density    =         1.0506
 ------------------------------------------------------------------------------


 NSTEP =    16000   TIME(PS) =  918151.993  TEMP(K) =   295.83  PRESS =     0.0
 Etot   =   -170515.7076  EKtot   =     29435.6445  EPtot      =   -199951.3521
 BOND   =      1472.7062  ANGLE   =      3853.5523  DIHED      =      2296.9451
 UB     =         0.0000  IMP     =         0.0000  CMAP       =       359.5147
 1-4 NB =      1441.3898  1-4 EEL =     18871.7465  VDWAALS    =     34132.2707
 EELEC  =   -262379.4775  EHBOND  =         0.0000  RESTRAINT  =         0.0000
 EKCMT  =         0.0000  VIRIAL  =         0.0000  VOLUME     =    471232.6709
                                                    Density    =         1.0512
 ------------------------------------------------------------------------------


 NSTEP =    16500   TIME(PS) =  918152.993  TEMP(K) =   297.36  PRESS =     0.0
 Etot   =   -170674.5294  EKtot   =     29587.9551  EPtot      =   -200262.4845
 BOND   =      1364.6018  ANGLE   =      3781.5559  DIHED      =      2279.6377
 UB     =         0.0000  IMP     =         0.0000  CMAP       =       371.3936
 1-4 NB =      1438.8626  1-4 EEL =     18965.3097  VDWAALS    =     34462.2106
 EELEC  =   -262926.0562  EHBOND  =         0.0000  RESTRAINT  =         0.0000
 EKCMT  =         0.0000  VIRIAL  =         0.0000  VOLUME     =    471604.5959
                                                    Density    =         1.0504
 ------------------------------------------------------------------------------


 NSTEP =    17000   TIME(PS) =  918153.993  TEMP(K) =   296.05  PRESS =     0.0
 Etot   =   -170776.6351  EKtot   =     29457.4609  EPtot      =   -200234.0960
 BOND   =      1276.5288  ANGLE   =      3754.0284  DIHED      =      2269.7745
 UB     =         0.0000  IMP     =         0.0000  CMAP       =       374.3425
 1-4 NB =      1437.6325  1-4 EEL =     18892.3439  VDWAALS    =     34369.8937
 EELEC  =   -262608.6405  EHBOND  =         0.0000  RESTRAINT  =         0.0000
 EKCMT  =         0.0000  VIRIAL  =         0.0000  VOLUME     =    472924.6915
                                                    Density    =         1.0474
 ------------------------------------------------------------------------------


 NSTEP =    17500   TIME(PS) =  918154.993  TEMP(K) =   296.86  PRESS =     0.0
 Etot   =   -170802.1330  EKtot   =     29537.8984  EPtot      =   -200340.0314
 BOND   =      1373.3755  ANGLE   =      3819.0324  DIHED      =      2263.2504
 UB     =         0.0000  IMP     =         0.0000  CMAP       =       375.2499
 1-4 NB =      1430.3872  1-4 EEL =     18898.2438  VDWAALS    =     34323.9097
 EELEC  =   -262823.4804  EHBOND  =         0.0000  RESTRAINT  =         0.0000
 EKCMT  =         0.0000  VIRIAL  =         0.0000  VOLUME     =    472735.0114
                                                    Density    =         1.0478
 ------------------------------------------------------------------------------


 NSTEP =    18000   TIME(PS) =  918155.993  TEMP(K) =   296.51  PRESS =     0.0
 Etot   =   -170688.3867  EKtot   =     29503.7656  EPtot      =   -200192.1523
 BOND   =      1371.6025  ANGLE   =      3838.3885  DIHED      =      2260.6634
 UB     =         0.0000  IMP     =         0.0000  CMAP       =       376.0656
 1-4 NB =      1429.4318  1-4 EEL =     18865.8887  VDWAALS    =     33957.8206
 EELEC  =   -262292.0136  EHBOND  =         0.0000  RESTRAINT  =         0.0000
 EKCMT  =         0.0000  VIRIAL  =         0.0000  VOLUME     =    472880.8275
                                                    Density    =         1.0475
 ------------------------------------------------------------------------------


 NSTEP =    18500   TIME(PS) =  918156.993  TEMP(K) =   299.29  PRESS =     0.0
 Etot   =   -170746.8127  EKtot   =     29779.9805  EPtot      =   -200526.7932
 BOND   =      1346.4594  ANGLE   =      3848.6715  DIHED      =      2233.7349
 UB     =         0.0000  IMP     =         0.0000  CMAP       =       362.4890
 1-4 NB =      1412.8951  1-4 EEL =     18964.5581  VDWAALS    =     34627.5389
 EELEC  =   -263323.1401  EHBOND  =         0.0000  RESTRAINT  =         0.0000
 EKCMT  =         0.0000  VIRIAL  =         0.0000  VOLUME     =    472740.8695
                                                    Density    =         1.0478
 ------------------------------------------------------------------------------


 NSTEP =    19000   TIME(PS) =  918157.993  TEMP(K) =   296.99  PRESS =     0.0
 Etot   =   -171060.3984  EKtot   =     29551.4961  EPtot      =   -200611.8945
 BOND   =      1418.2574  ANGLE   =      3809.6371  DIHED      =      2297.3512
 UB     =         0.0000  IMP     =         0.0000  CMAP       =       365.3957
 1-4 NB =      1434.0998  1-4 EEL =     18847.2662  VDWAALS    =     34565.0339
 EELEC  =   -263348.9358  EHBOND  =         0.0000  RESTRAINT  =         0.0000
 EKCMT  =         0.0000  VIRIAL  =         0.0000  VOLUME     =    472336.5752
                                                    Density    =         1.0487
 ------------------------------------------------------------------------------


 NSTEP =    19500   TIME(PS) =  918158.993  TEMP(K) =   297.54  PRESS =     0.0
 Etot   =   -170714.2915  EKtot   =     29605.6836  EPtot      =   -200319.9751
 BOND   =      1364.8165  ANGLE   =      3905.0044  DIHED      =      2258.6381
 UB     =         0.0000  IMP     =         0.0000  CMAP       =       361.8740
 1-4 NB =      1451.4775  1-4 EEL =     18816.1012  VDWAALS    =     34116.7121
 EELEC  =   -262594.5990  EHBOND  =         0.0000  RESTRAINT  =         0.0000
 EKCMT  =         0.0000  VIRIAL  =         0.0000  VOLUME     =    473085.7266
                                                    Density    =         1.0471
 ------------------------------------------------------------------------------

wrapping first mol.:       56.67993       80.15753        0.00000

 NSTEP =    20000   TIME(PS) =  918159.993  TEMP(K) =   298.24  PRESS =     0.0
 Etot   =   -170702.5149  EKtot   =     29675.3633  EPtot      =   -200377.8782
 BOND   =      1397.3892  ANGLE   =      3949.5609  DIHED      =      2275.7308
 UB     =         0.0000  IMP     =         0.0000  CMAP       =       352.9961
 1-4 NB =      1451.9812  1-4 EEL =     18813.4399  VDWAALS    =     34160.7693
 EELEC  =   -262779.7455  EHBOND  =         0.0000  RESTRAINT  =         0.0000
 EKCMT  =         0.0000  VIRIAL  =         0.0000  VOLUME     =    473085.7266
                                                    Density    =         1.0471
 ------------------------------------------------------------------------------


 NSTEP =    20500   TIME(PS) =  918160.993  TEMP(K) =   297.31  PRESS =     0.0
 Etot   =   -170651.7313  EKtot   =     29582.9414  EPtot      =   -200234.6727
 BOND   =      1435.7128  ANGLE   =      3925.8102  DIHED      =      2287.5156
 UB     =         0.0000  IMP     =         0.0000  CMAP       =       360.0645
 1-4 NB =      1412.3853  1-4 EEL =     18746.8255  VDWAALS    =     34561.2757
 EELEC  =   -262964.2623  EHBOND  =         0.0000  RESTRAINT  =         0.0000
 EKCMT  =         0.0000  VIRIAL  =         0.0000  VOLUME     =    473085.7266
                                                    Density    =         1.0471
 ------------------------------------------------------------------------------


 NSTEP =    21000   TIME(PS) =  918161.993  TEMP(K) =   298.40  PRESS =     0.0
 Etot   =   -170866.1187  EKtot   =     29691.6328  EPtot      =   -200557.7515
 BOND   =      1406.5573  ANGLE   =      3811.5171  DIHED      =      2275.8511
 UB     =         0.0000  IMP     =         0.0000  CMAP       =       366.6113
 1-4 NB =      1424.2943  1-4 EEL =     18852.6932  VDWAALS    =     34313.0169
 EELEC  =   -263008.2927  EHBOND  =         0.0000  RESTRAINT  =         0.0000
 EKCMT  =         0.0000  VIRIAL  =         0.0000  VOLUME     =    473068.7890
                                                    Density    =         1.0471
 ------------------------------------------------------------------------------


 NSTEP =    21500   TIME(PS) =  918162.993  TEMP(K) =   300.55  PRESS =     0.0
 Etot   =   -170903.5912  EKtot   =     29905.7090  EPtot      =   -200809.3001
 BOND   =      1371.6855  ANGLE   =      3838.6655  DIHED      =      2270.4048
 UB     =         0.0000  IMP     =         0.0000  CMAP       =       363.6058
 1-4 NB =      1440.3451  1-4 EEL =     18840.6051  VDWAALS    =     34896.6888
 EELEC  =   -263831.3008  EHBOND  =         0.0000  RESTRAINT  =         0.0000
 EKCMT  =         0.0000  VIRIAL  =         0.0000  VOLUME     =    472496.1634
                                                    Density    =         1.0484
 ------------------------------------------------------------------------------


 NSTEP =    22000   TIME(PS) =  918163.993  TEMP(K) =   298.23  PRESS =     0.0
 Etot   =   -170821.0370  EKtot   =     29675.1016  EPtot      =   -200496.1386
 BOND   =      1334.8351  ANGLE   =      3826.5131  DIHED      =      2292.8246
 UB     =         0.0000  IMP     =         0.0000  CMAP       =       380.0148
 1-4 NB =      1467.2681  1-4 EEL =     18875.0039  VDWAALS    =     34837.5209
 EELEC  =   -263510.1192  EHBOND  =         0.0000  RESTRAINT  =         0.0000
 EKCMT  =         0.0000  VIRIAL  =         0.0000  VOLUME     =    472222.2423
                                                    Density    =         1.0490
 ------------------------------------------------------------------------------


 NSTEP =    22500   TIME(PS) =  918164.993  TEMP(K) =   297.53  PRESS =     0.0
 Etot   =   -170892.8018  EKtot   =     29605.5195  EPtot      =   -200498.3213
 BOND   =      1393.2452  ANGLE   =      3851.9452  DIHED      =      2275.1574
 UB     =         0.0000  IMP     =         0.0000  CMAP       =       362.2000
 1-4 NB =      1448.5490  1-4 EEL =     18830.7074  VDWAALS    =     34690.5077
 EELEC  =   -263350.6333  EHBOND  =         0.0000  RESTRAINT  =         0.0000
 EKCMT  =         0.0000  VIRIAL  =         0.0000  VOLUME     =    472039.6074
                                                    Density    =         1.0494
 ------------------------------------------------------------------------------


 NSTEP =    23000   TIME(PS) =  918165.993  TEMP(K) =   298.31  PRESS =     0.0
 Etot   =   -170676.5479  EKtot   =     29682.3809  EPtot      =   -200358.9288
 BOND   =      1373.5176  ANGLE   =      3786.2707  DIHED      =      2271.2755
 UB     =         0.0000  IMP     =         0.0000  CMAP       =       372.2325
 1-4 NB =      1439.8730  1-4 EEL =     18891.4501  VDWAALS    =     34797.3672
 EELEC  =   -263290.9153  EHBOND  =         0.0000  RESTRAINT  =         0.0000
 EKCMT  =         0.0000  VIRIAL  =         0.0000  VOLUME     =    471888.8634
                                                    Density    =         1.0497
 ------------------------------------------------------------------------------


 NSTEP =    23500   TIME(PS) =  918166.993  TEMP(K) =   300.54  PRESS =     0.0
 Etot   =   -170716.0131  EKtot   =     29904.0586  EPtot      =   -200620.0717
 BOND   =      1385.5818  ANGLE   =      3973.4714  DIHED      =      2241.4956
 UB     =         0.0000  IMP     =         0.0000  CMAP       =       367.4931
 1-4 NB =      1423.9124  1-4 EEL =     18832.0858  VDWAALS    =     34622.5832
 EELEC  =   -263466.6950  EHBOND  =         0.0000  RESTRAINT  =         0.0000
 EKCMT  =         0.0000  VIRIAL  =         0.0000  VOLUME     =    471616.8488
                                                    Density    =         1.0503
 ------------------------------------------------------------------------------


 NSTEP =    24000   TIME(PS) =  918167.993  TEMP(K) =   299.28  PRESS =     0.0
 Etot   =   -170636.4386  EKtot   =     29779.0293  EPtot      =   -200415.4679
 BOND   =      1435.9196  ANGLE   =      3908.0305  DIHED      =      2271.6612
 UB     =         0.0000  IMP     =         0.0000  CMAP       =       361.7694
 1-4 NB =      1425.9776  1-4 EEL =     18771.5688  VDWAALS    =     34498.8913
 EELEC  =   -263089.2864  EHBOND  =         0.0000  RESTRAINT  =         0.0000
 EKCMT  =         0.0000  VIRIAL  =         0.0000  VOLUME     =    471616.8488
                                                    Density    =         1.0503
 ------------------------------------------------------------------------------


 NSTEP =    24500   TIME(PS) =  918168.993  TEMP(K) =   297.71  PRESS =     0.0
 Etot   =   -170908.7382  EKtot   =     29623.0332  EPtot      =   -200531.7714
 BOND   =      1384.0997  ANGLE   =      3872.0024  DIHED      =      2288.2093
 UB     =         0.0000  IMP     =         0.0000  CMAP       =       373.5209
 1-4 NB =      1450.4237  1-4 EEL =     18840.0837  VDWAALS    =     34476.9550
 EELEC  =   -263217.0661  EHBOND  =         0.0000  RESTRAINT  =         0.0000
 EKCMT  =         0.0000  VIRIAL  =         0.0000  VOLUME     =    471797.4917
                                                    Density    =         1.0499
 ------------------------------------------------------------------------------

wrapping first mol.:       56.62758       80.08349        0.00000

 NSTEP =    25000   TIME(PS) =  918169.993  TEMP(K) =   297.69  PRESS =     0.0
 Etot   =   -170859.4664  EKtot   =     29620.8770  EPtot      =   -200480.3433
 BOND   =      1359.8987  ANGLE   =      3993.1287  DIHED      =      2230.7448
 UB     =         0.0000  IMP     =         0.0000  CMAP       =       366.2575
 1-4 NB =      1438.0941  1-4 EEL =     18763.5401  VDWAALS    =     34508.5542
 EELEC  =   -263140.5614  EHBOND  =         0.0000  RESTRAINT  =         0.0000
 EKCMT  =         0.0000  VIRIAL  =         0.0000  VOLUME     =    471776.0860
                                                    Density    =         1.0500
 ------------------------------------------------------------------------------


 NSTEP =    25500   TIME(PS) =  918170.993  TEMP(K) =   297.65  PRESS =     0.0
 Etot   =   -170797.4424  EKtot   =     29617.2832  EPtot      =   -200414.7256
 BOND   =      1437.1333  ANGLE   =      3887.7270  DIHED      =      2306.1382
 UB     =         0.0000  IMP     =         0.0000  CMAP       =       376.0695
 1-4 NB =      1425.8713  1-4 EEL =     18808.0114  VDWAALS    =     34562.8913
 EELEC  =   -263218.5676  EHBOND  =         0.0000  RESTRAINT  =         0.0000
 EKCMT  =         0.0000  VIRIAL  =         0.0000  VOLUME     =    471907.1539
                                                    Density    =         1.0497
 ------------------------------------------------------------------------------

| MC Barostat: Decreasing size of volume moves

 NSTEP =    26000   TIME(PS) =  918171.993  TEMP(K) =   299.21  PRESS =     0.0
 Etot   =   -170623.3153  EKtot   =     29772.4609  EPtot      =   -200395.7762
 BOND   =      1372.8499  ANGLE   =      3894.8350  DIHED      =      2301.1092
 UB     =         0.0000  IMP     =         0.0000  CMAP       =       356.0031
 1-4 NB =      1453.0567  1-4 EEL =     18849.8684  VDWAALS    =     34495.7479
 EELEC  =   -263119.2465  EHBOND  =         0.0000  RESTRAINT  =         0.0000
 EKCMT  =         0.0000  VIRIAL  =         0.0000  VOLUME     =    471907.1539
                                                    Density    =         1.0497
 ------------------------------------------------------------------------------


 NSTEP =    26500   TIME(PS) =  918172.993  TEMP(K) =   300.30  PRESS =     0.0
 Etot   =   -170340.5299  EKtot   =     29880.4844  EPtot      =   -200221.0142
 BOND   =      1381.0663  ANGLE   =      3891.1329  DIHED      =      2235.5340
 UB     =         0.0000  IMP     =         0.0000  CMAP       =       378.4128
 1-4 NB =      1407.1126  1-4 EEL =     18812.6297  VDWAALS    =     34814.8351
 EELEC  =   -263141.7378  EHBOND  =         0.0000  RESTRAINT  =         0.0000
 EKCMT  =         0.0000  VIRIAL  =         0.0000  VOLUME     =    472011.4304
                                                    Density    =         1.0495
 ------------------------------------------------------------------------------


 NSTEP =    27000   TIME(PS) =  918173.993  TEMP(K) =   296.81  PRESS =     0.0
 Etot   =   -170602.7967  EKtot   =     29533.7754  EPtot      =   -200136.5721
 BOND   =      1390.7320  ANGLE   =      3850.8942  DIHED      =      2303.6790
 UB     =         0.0000  IMP     =         0.0000  CMAP       =       356.9239
 1-4 NB =      1451.3053  1-4 EEL =     18854.8415  VDWAALS    =     34336.7274
 EELEC  =   -262681.6754  EHBOND  =         0.0000  RESTRAINT  =         0.0000
 EKCMT  =         0.0000  VIRIAL  =         0.0000  VOLUME     =    471811.0009
                                                    Density    =         1.0499
 ------------------------------------------------------------------------------


 NSTEP =    27500   TIME(PS) =  918174.993  TEMP(K) =   299.95  PRESS =     0.0
 Etot   =   -170792.6875  EKtot   =     29845.8379  EPtot      =   -200638.5254
 BOND   =      1393.5749  ANGLE   =      3793.8794  DIHED      =      2251.8944
 UB     =         0.0000  IMP     =         0.0000  CMAP       =       374.0183
 1-4 NB =      1418.2637  1-4 EEL =     18910.6147  VDWAALS    =     34414.6533
 EELEC  =   -263195.4241  EHBOND  =         0.0000  RESTRAINT  =         0.0000
 EKCMT  =         0.0000  VIRIAL  =         0.0000  VOLUME     =    472364.1428
                                                    Density    =         1.0487
 ------------------------------------------------------------------------------


 NSTEP =    28000   TIME(PS) =  918175.993  TEMP(K) =   296.29  PRESS =     0.0
 Etot   =   -170739.5991  EKtot   =     29481.4609  EPtot      =   -200221.0601
 BOND   =      1328.8810  ANGLE   =      3917.4771  DIHED      =      2281.9163
 UB     =         0.0000  IMP     =         0.0000  CMAP       =       373.0318
 1-4 NB =      1405.4384  1-4 EEL =     18796.3532  VDWAALS    =     34485.9109
 EELEC  =   -262810.0688  EHBOND  =         0.0000  RESTRAINT  =         0.0000
 EKCMT  =         0.0000  VIRIAL  =         0.0000  VOLUME     =    472506.5686
                                                    Density    =         1.0484
 ------------------------------------------------------------------------------


 NSTEP =    28500   TIME(PS) =  918176.993  TEMP(K) =   297.98  PRESS =     0.0
 Etot   =   -170550.3108  EKtot   =     29650.1113  EPtot      =   -200200.4221
 BOND   =      1384.9819  ANGLE   =      3887.0897  DIHED      =      2305.7477
 UB     =         0.0000  IMP     =         0.0000  CMAP       =       366.8982
 1-4 NB =      1425.8935  1-4 EEL =     18830.9395  VDWAALS    =     34193.2409
 EELEC  =   -262595.2135  EHBOND  =         0.0000  RESTRAINT  =         0.0000
 EKCMT  =         0.0000  VIRIAL  =         0.0000  VOLUME     =    472506.5686
                                                    Density    =         1.0484
 ------------------------------------------------------------------------------


 NSTEP =    29000   TIME(PS) =  918177.993  TEMP(K) =   297.67  PRESS =     0.0
 Etot   =   -170659.8582  EKtot   =     29619.3320  EPtot      =   -200279.1902
 BOND   =      1412.7149  ANGLE   =      3915.9023  DIHED      =      2241.5485
 UB     =         0.0000  IMP     =         0.0000  CMAP       =       363.3543
 1-4 NB =      1434.3964  1-4 EEL =     18800.6554  VDWAALS    =     34082.9043
 EELEC  =   -262530.6662  EHBOND  =         0.0000  RESTRAINT  =         0.0000
 EKCMT  =         0.0000  VIRIAL  =         0.0000  VOLUME     =    472651.1839
                                                    Density    =         1.0480
 ------------------------------------------------------------------------------


 NSTEP =    29500   TIME(PS) =  918178.993  TEMP(K) =   296.19  PRESS =     0.0
 Etot   =   -170683.4483  EKtot   =     29472.0762  EPtot      =   -200155.5245
 BOND   =      1400.6809  ANGLE   =      3792.1906  DIHED      =      2323.9502
 UB     =         0.0000  IMP     =         0.0000  CMAP       =       363.9288
 1-4 NB =      1459.5542  1-4 EEL =     18949.4103  VDWAALS    =     34039.1991
 EELEC  =   -262484.4384  EHBOND  =         0.0000  RESTRAINT  =         0.0000
 EKCMT  =         0.0000  VIRIAL  =         0.0000  VOLUME     =    472651.1839
                                                    Density    =         1.0480
 ------------------------------------------------------------------------------

wrapping first mol.:       56.69498       80.17880        0.00000

 NSTEP =    30000   TIME(PS) =  918179.993  TEMP(K) =   298.37  PRESS =     0.0
 Etot   =   -170358.7038  EKtot   =     29689.1035  EPtot      =   -200047.8073
 BOND   =      1382.4537  ANGLE   =      3952.0142  DIHED      =      2295.6181
 UB     =         0.0000  IMP     =         0.0000  CMAP       =       365.5850
 1-4 NB =      1445.5580  1-4 EEL =     18877.5593  VDWAALS    =     33943.3420
 EELEC  =   -262309.9376  EHBOND  =         0.0000  RESTRAINT  =         0.0000
 EKCMT  =         0.0000  VIRIAL  =         0.0000  VOLUME     =    473462.4933
                                                    Density    =         1.0462
 ------------------------------------------------------------------------------


 NSTEP =    30500   TIME(PS) =  918180.993  TEMP(K) =   298.25  PRESS =     0.0
 Etot   =   -170419.3758  EKtot   =     29676.3105  EPtot      =   -200095.6864
 BOND   =      1362.2936  ANGLE   =      3862.6863  DIHED      =      2298.8802
 UB     =         0.0000  IMP     =         0.0000  CMAP       =       355.3686
 1-4 NB =      1454.5381  1-4 EEL =     18913.4900  VDWAALS    =     34101.7666
 EELEC  =   -262444.7097  EHBOND  =         0.0000  RESTRAINT  =         0.0000
 EKCMT  =         0.0000  VIRIAL  =         0.0000  VOLUME     =    473267.7199
                                                    Density    =         1.0467
 ------------------------------------------------------------------------------


 NSTEP =    31000   TIME(PS) =  918181.993  TEMP(K) =   298.50  PRESS =     0.0
 Etot   =   -170545.8154  EKtot   =     29701.1250  EPtot      =   -200246.9404
 BOND   =      1306.0855  ANGLE   =      3920.7515  DIHED      =      2267.6084
 UB     =         0.0000  IMP     =         0.0000  CMAP       =       359.2586
 1-4 NB =      1433.4285  1-4 EEL =     18846.0320  VDWAALS    =     34349.9706
 EELEC  =   -262730.0756  EHBOND  =         0.0000  RESTRAINT  =         0.0000
 EKCMT  =         0.0000  VIRIAL  =         0.0000  VOLUME     =    473107.7341
                                                    Density    =         1.0470
 ------------------------------------------------------------------------------


 NSTEP =    31500   TIME(PS) =  918182.993  TEMP(K) =   299.08  PRESS =     0.0
 Etot   =   -170187.0914  EKtot   =     29759.2266  EPtot      =   -199946.3180
 BOND   =      1369.3711  ANGLE   =      3793.7453  DIHED      =      2263.1832
 UB     =         0.0000  IMP     =         0.0000  CMAP       =       363.1196
 1-4 NB =      1441.8671  1-4 EEL =     18882.5824  VDWAALS    =     34098.8739
 EELEC  =   -262159.0606  EHBOND  =         0.0000  RESTRAINT  =         0.0000
 EKCMT  =         0.0000  VIRIAL  =         0.0000  VOLUME     =    473161.1901
                                                    Density    =         1.0469
 ------------------------------------------------------------------------------


 NSTEP =    32000   TIME(PS) =  918183.993  TEMP(K) =   299.26  PRESS =     0.0
 Etot   =   -170409.8562  EKtot   =     29777.3613  EPtot      =   -200187.2175
 BOND   =      1355.8992  ANGLE   =      3822.6726  DIHED      =      2291.4512
 UB     =         0.0000  IMP     =         0.0000  CMAP       =       354.0165
 1-4 NB =      1444.5211  1-4 EEL =     18863.8391  VDWAALS    =     34010.0439
 EELEC  =   -262329.6611  EHBOND  =         0.0000  RESTRAINT  =         0.0000
 EKCMT  =         0.0000  VIRIAL  =         0.0000  VOLUME     =    473331.5381
                                                    Density    =         1.0465
 ------------------------------------------------------------------------------


 NSTEP =    32500   TIME(PS) =  918184.993  TEMP(K) =   298.17  PRESS =     0.0
 Etot   =   -170423.4835  EKtot   =     29668.8203  EPtot      =   -200092.3038
 BOND   =      1350.6678  ANGLE   =      3924.2719  DIHED      =      2261.5127
 UB     =         0.0000  IMP     =         0.0000  CMAP       =       366.4254
 1-4 NB =      1441.5383  1-4 EEL =     18889.3960  VDWAALS    =     34165.1521
 EELEC  =   -262491.2680  EHBOND  =         0.0000  RESTRAINT  =         0.0000
 EKCMT  =         0.0000  VIRIAL  =         0.0000  VOLUME     =    472314.2220
                                                    Density    =         1.0488
 ------------------------------------------------------------------------------


 NSTEP =    33000   TIME(PS) =  918185.993  TEMP(K) =   299.53  PRESS =     0.0
 Etot   =   -170236.4836  EKtot   =     29803.6953  EPtot      =   -200040.1789
 BOND   =      1333.6245  ANGLE   =      3894.9770  DIHED      =      2257.5618
 UB     =         0.0000  IMP     =         0.0000  CMAP       =       358.0085
 1-4 NB =      1444.4935  1-4 EEL =     18903.4115  VDWAALS    =     34342.3890
 EELEC  =   -262574.6448  EHBOND  =         0.0000  RESTRAINT  =         0.0000
 EKCMT  =         0.0000  VIRIAL  =         0.0000  VOLUME     =    471869.1796
                                                    Density    =         1.0498
 ------------------------------------------------------------------------------


 NSTEP =    33500   TIME(PS) =  918186.993  TEMP(K) =   297.03  PRESS =     0.0
 Etot   =   -170474.3334  EKtot   =     29555.1816  EPtot      =   -200029.5150
 BOND   =      1410.7534  ANGLE   =      3818.3175  DIHED      =      2296.8811
 UB     =         0.0000  IMP     =         0.0000  CMAP       =       361.5151
 1-4 NB =      1444.9899  1-4 EEL =     18781.0605  VDWAALS    =     34737.2740
 EELEC  =   -262880.3066  EHBOND  =         0.0000  RESTRAINT  =         0.0000
 EKCMT  =         0.0000  VIRIAL  =         0.0000  VOLUME     =    471484.5075
                                                    Density    =         1.0506
 ------------------------------------------------------------------------------


 NSTEP =    34000   TIME(PS) =  918187.993  TEMP(K) =   296.73  PRESS =     0.0
 Etot   =   -170696.7664  EKtot   =     29525.1602  EPtot      =   -200221.9265
 BOND   =      1360.7771  ANGLE   =      3843.6531  DIHED      =      2287.8417
 UB     =         0.0000  IMP     =         0.0000  CMAP       =       372.4399
 1-4 NB =      1440.4430  1-4 EEL =     18828.1976  VDWAALS    =     34555.3320
 EELEC  =   -262910.6108  EHBOND  =         0.0000  RESTRAINT  =         0.0000
 EKCMT  =         0.0000  VIRIAL  =         0.0000  VOLUME     =    471141.1216
                                                    Density    =         1.0514
 ------------------------------------------------------------------------------


 NSTEP =    34500   TIME(PS) =  918188.993  TEMP(K) =   299.49  PRESS =     0.0
 Etot   =   -170455.3091  EKtot   =     29800.3691  EPtot      =   -200255.6782
 BOND   =      1407.0355  ANGLE   =      3869.8964  DIHED      =      2304.5060
 UB     =         0.0000  IMP     =         0.0000  CMAP       =       359.1847
 1-4 NB =      1424.7002  1-4 EEL =     18840.9418  VDWAALS    =     34133.7534
 EELEC  =   -262595.6961  EHBOND  =         0.0000  RESTRAINT  =         0.0000
 EKCMT  =         0.0000  VIRIAL  =         0.0000  VOLUME     =    471141.1216
                                                    Density    =         1.0514
 ------------------------------------------------------------------------------

wrapping first mol.:       56.61482       80.06544        0.00000

 NSTEP =    35000   TIME(PS) =  918189.993  TEMP(K) =   298.02  PRESS =     0.0
 Etot   =   -170244.3768  EKtot   =     29653.6523  EPtot      =   -199898.0292
 BOND   =      1478.9575  ANGLE   =      3962.7805  DIHED      =      2277.0599
 UB     =         0.0000  IMP     =         0.0000  CMAP       =       360.1451
 1-4 NB =      1416.0740  1-4 EEL =     18778.5114  VDWAALS    =     34506.9267
 EELEC  =   -262678.4843  EHBOND  =         0.0000  RESTRAINT  =         0.0000
 EKCMT  =         0.0000  VIRIAL  =         0.0000  VOLUME     =    471457.1379
                                                    Density    =         1.0507
 ------------------------------------------------------------------------------


 NSTEP =    35500   TIME(PS) =  918190.993  TEMP(K) =   297.15  PRESS =     0.0
 Etot   =   -170734.8574  EKtot   =     29566.9941  EPtot      =   -200301.8516
 BOND   =      1353.9154  ANGLE   =      3782.9553  DIHED      =      2330.1676
 UB     =         0.0000  IMP     =         0.0000  CMAP       =       353.1156
 1-4 NB =      1431.6554  1-4 EEL =     18784.9478  VDWAALS    =     34273.9135
 EELEC  =   -262612.5221  EHBOND  =         0.0000  RESTRAINT  =         0.0000
 EKCMT  =         0.0000  VIRIAL  =         0.0000  VOLUME     =    471457.1379
                                                    Density    =         1.0507
 ------------------------------------------------------------------------------


 NSTEP =    36000   TIME(PS) =  918191.993  TEMP(K) =   295.90  PRESS =     0.0
 Etot   =   -171041.4023  EKtot   =     29442.9590  EPtot      =   -200484.3613
 BOND   =      1374.1340  ANGLE   =      3833.9684  DIHED      =      2284.4849
 UB     =         0.0000  IMP     =         0.0000  CMAP       =       369.3467
 1-4 NB =      1454.9895  1-4 EEL =     18818.0917  VDWAALS    =     34463.9545
 EELEC  =   -263083.3310  EHBOND  =         0.0000  RESTRAINT  =         0.0000
 EKCMT  =         0.0000  VIRIAL  =         0.0000  VOLUME     =    471096.1274
                                                    Density    =         1.0515
 ------------------------------------------------------------------------------


 NSTEP =    36500   TIME(PS) =  918192.993  TEMP(K) =   296.92  PRESS =     0.0
 Etot   =   -170746.7155  EKtot   =     29544.2891  EPtot      =   -200291.0046
 BOND   =      1386.5773  ANGLE   =      3807.8463  DIHED      =      2277.0750
 UB     =         0.0000  IMP     =         0.0000  CMAP       =       368.3925
 1-4 NB =      1446.7999  1-4 EEL =     18782.2597  VDWAALS    =     34306.0961
 EELEC  =   -262666.0515  EHBOND  =         0.0000  RESTRAINT  =         0.0000
 EKCMT  =         0.0000  VIRIAL  =         0.0000  VOLUME     =    471283.8658
                                                    Density    =         1.0511
 ------------------------------------------------------------------------------


 NSTEP =    37000   TIME(PS) =  918193.993  TEMP(K) =   297.63  PRESS =     0.0
 Etot   =   -170763.0085  EKtot   =     29615.3594  EPtot      =   -200378.3678
 BOND   =      1362.6916  ANGLE   =      3785.3384  DIHED      =      2299.8841
 UB     =         0.0000  IMP     =         0.0000  CMAP       =       360.7423
 1-4 NB =      1433.0810  1-4 EEL =     18860.1397  VDWAALS    =     34449.8023
 EELEC  =   -262930.0472  EHBOND  =         0.0000  RESTRAINT  =         0.0000
 EKCMT  =         0.0000  VIRIAL  =         0.0000  VOLUME     =    471283.8658
                                                    Density    =         1.0511
 ------------------------------------------------------------------------------


 NSTEP =    37500   TIME(PS) =  918194.993  TEMP(K) =   298.14  PRESS =     0.0
 Etot   =   -170333.2470  EKtot   =     29666.2207  EPtot      =   -199999.4677
 BOND   =      1367.4021  ANGLE   =      4000.2700  DIHED      =      2278.3891
 UB     =         0.0000  IMP     =         0.0000  CMAP       =       355.2925
 1-4 NB =      1439.2602  1-4 EEL =     18775.4457  VDWAALS    =     34103.0640
 EELEC  =   -262318.5913  EHBOND  =         0.0000  RESTRAINT  =         0.0000
 EKCMT  =         0.0000  VIRIAL  =         0.0000  VOLUME     =    471335.9550
                                                    Density    =         1.0510
 ------------------------------------------------------------------------------


 NSTEP =    38000   TIME(PS) =  918195.993  TEMP(K) =   297.00  PRESS =     0.0
 Etot   =   -170643.5583  EKtot   =     29552.0391  EPtot      =   -200195.5974
 BOND   =      1382.6225  ANGLE   =      3973.4849  DIHED      =      2262.2330
 UB     =         0.0000  IMP     =         0.0000  CMAP       =       364.5686
 1-4 NB =      1424.0660  1-4 EEL =     18782.1004  VDWAALS    =     34362.1825
 EELEC  =   -262746.8554  EHBOND  =         0.0000  RESTRAINT  =         0.0000
 EKCMT  =         0.0000  VIRIAL  =         0.0000  VOLUME     =    470922.4570
                                                    Density    =         1.0519
 ------------------------------------------------------------------------------


 NSTEP =    38500   TIME(PS) =  918196.993  TEMP(K) =   293.63  PRESS =     0.0
 Etot   =   -170843.8985  EKtot   =     29217.3457  EPtot      =   -200061.2442
 BOND   =      1336.1597  ANGLE   =      3869.0688  DIHED      =      2255.6239
 UB     =         0.0000  IMP     =         0.0000  CMAP       =       363.8594
 1-4 NB =      1438.9468  1-4 EEL =     18791.8939  VDWAALS    =     34312.0649
 EELEC  =   -262428.8617  EHBOND  =         0.0000  RESTRAINT  =         0.0000
 EKCMT  =         0.0000  VIRIAL  =         0.0000  VOLUME     =    470922.4570
                                                    Density    =         1.0519
 ------------------------------------------------------------------------------


 NSTEP =    39000   TIME(PS) =  918197.993  TEMP(K) =   298.54  PRESS =     0.0
 Etot   =   -170201.1072  EKtot   =     29705.8867  EPtot      =   -199906.9939
 BOND   =      1454.5808  ANGLE   =      3888.9861  DIHED      =      2323.1980
 UB     =         0.0000  IMP     =         0.0000  CMAP       =       361.2081
 1-4 NB =      1415.5702  1-4 EEL =     18766.0998  VDWAALS    =     34244.1624
 EELEC  =   -262360.7994  EHBOND  =         0.0000  RESTRAINT  =         0.0000
 EKCMT  =         0.0000  VIRIAL  =         0.0000  VOLUME     =    471083.3019
                                                    Density    =         1.0515
 ------------------------------------------------------------------------------


 NSTEP =    39500   TIME(PS) =  918198.993  TEMP(K) =   299.20  PRESS =     0.0
 Etot   =   -170365.6030  EKtot   =     29771.0293  EPtot      =   -200136.6323
 BOND   =      1404.5990  ANGLE   =      3870.9144  DIHED      =      2277.8723
 UB     =         0.0000  IMP     =         0.0000  CMAP       =       353.3399
 1-4 NB =      1444.4151  1-4 EEL =     18868.8941  VDWAALS    =     34486.8300
 EELEC  =   -262843.4971  EHBOND  =         0.0000  RESTRAINT  =         0.0000
 EKCMT  =         0.0000  VIRIAL  =         0.0000  VOLUME     =    471083.3019
                                                    Density    =         1.0515
 ------------------------------------------------------------------------------

wrapping first mol.:       56.59398       80.03597        0.00000

 NSTEP =    40000   TIME(PS) =  918199.993  TEMP(K) =   298.82  PRESS =     0.0
 Etot   =   -170281.0252  EKtot   =     29733.2031  EPtot      =   -200014.2283
 BOND   =      1333.6966  ANGLE   =      3841.4424  DIHED      =      2239.6620
 UB     =         0.0000  IMP     =         0.0000  CMAP       =       354.5637
 1-4 NB =      1440.6610  1-4 EEL =     18834.1028  VDWAALS    =     34581.7161
 EELEC  =   -262640.0728  EHBOND  =         0.0000  RESTRAINT  =         0.0000
 EKCMT  =         0.0000  VIRIAL  =         0.0000  VOLUME     =    470936.7118
                                                    Density    =         1.0518
 ------------------------------------------------------------------------------


 NSTEP =    40500   TIME(PS) =  918200.993  TEMP(K) =   298.95  PRESS =     0.0
 Etot   =   -169902.7637  EKtot   =     29746.4551  EPtot      =   -199649.2188
 BOND   =      1390.2045  ANGLE   =      3916.1875  DIHED      =      2315.9919
 UB     =         0.0000  IMP     =         0.0000  CMAP       =       354.9205
 1-4 NB =      1443.8976  1-4 EEL =     18844.3898  VDWAALS    =     34279.5608
 EELEC  =   -262194.3714  EHBOND  =         0.0000  RESTRAINT  =         0.0000
 EKCMT  =         0.0000  VIRIAL  =         0.0000  VOLUME     =    470410.8482
                                                    Density    =         1.0530
 ------------------------------------------------------------------------------


 NSTEP =    41000   TIME(PS) =  918201.993  TEMP(K) =   299.18  PRESS =     0.0
 Etot   =   -170340.3146  EKtot   =     29768.9395  EPtot      =   -200109.2541
 BOND   =      1399.1034  ANGLE   =      3923.5071  DIHED      =      2264.6939
 UB     =         0.0000  IMP     =         0.0000  CMAP       =       351.9041
 1-4 NB =      1439.9764  1-4 EEL =     18646.4066  VDWAALS    =     34388.6460
 EELEC  =   -262523.4916  EHBOND  =         0.0000  RESTRAINT  =         0.0000
 EKCMT  =         0.0000  VIRIAL  =         0.0000  VOLUME     =    469512.5006
                                                    Density    =         1.0550
 ------------------------------------------------------------------------------


 NSTEP =    41500   TIME(PS) =  918202.993  TEMP(K) =   298.99  PRESS =     0.0
 Etot   =   -170419.2415  EKtot   =     29750.0723  EPtot      =   -200169.3138
 BOND   =      1381.6672  ANGLE   =      3874.4045  DIHED      =      2262.4731
 UB     =         0.0000  IMP     =         0.0000  CMAP       =       346.6262
 1-4 NB =      1443.8091  1-4 EEL =     18793.4732  VDWAALS    =     34031.0329
 EELEC  =   -262302.8000  EHBOND  =         0.0000  RESTRAINT  =         0.0000
 EKCMT  =         0.0000  VIRIAL  =         0.0000  VOLUME     =    469219.9616
                                                    Density    =         1.0557
 ------------------------------------------------------------------------------


 NSTEP =    42000   TIME(PS) =  918203.993  TEMP(K) =   297.48  PRESS =     0.0
 Etot   =   -170405.8155  EKtot   =     29599.7285  EPtot      =   -200005.5440
 BOND   =      1356.3738  ANGLE   =      3912.1951  DIHED      =      2293.1684
 UB     =         0.0000  IMP     =         0.0000  CMAP       =       352.3919
 1-4 NB =      1452.3429  1-4 EEL =     18767.5442  VDWAALS    =     34065.8359
 EELEC  =   -262205.3962  EHBOND  =         0.0000  RESTRAINT  =         0.0000
 EKCMT  =         0.0000  VIRIAL  =         0.0000  VOLUME     =    469850.9617
                                                    Density    =         1.0543
 ------------------------------------------------------------------------------


 NSTEP =    42500   TIME(PS) =  918204.993  TEMP(K) =   297.71  PRESS =     0.0
 Etot   =   -170470.3506  EKtot   =     29622.9629  EPtot      =   -200093.3135
 BOND   =      1351.4735  ANGLE   =      3885.8273  DIHED      =      2246.4806
 UB     =         0.0000  IMP     =         0.0000  CMAP       =       357.6314
 1-4 NB =      1435.7053  1-4 EEL =     18819.8411  VDWAALS    =     34166.8644
 EELEC  =   -262357.1372  EHBOND  =         0.0000  RESTRAINT  =         0.0000
 EKCMT  =         0.0000  VIRIAL  =         0.0000  VOLUME     =    469371.2368
                                                    Density    =         1.0554
 ------------------------------------------------------------------------------


 NSTEP =    43000   TIME(PS) =  918205.993  TEMP(K) =   298.85  PRESS =     0.0
 Etot   =   -170141.0403  EKtot   =     29736.0254  EPtot      =   -199877.0657
 BOND   =      1407.3518  ANGLE   =      3809.3464  DIHED      =      2285.6941
 UB     =         0.0000  IMP     =         0.0000  CMAP       =       348.1811
 1-4 NB =      1443.0012  1-4 EEL =     18739.4039  VDWAALS    =     34070.0709
 EELEC  =   -261980.1151  EHBOND  =         0.0000  RESTRAINT  =         0.0000
 EKCMT  =         0.0000  VIRIAL  =         0.0000  VOLUME     =    469623.8502
                                                    Density    =         1.0548
 ------------------------------------------------------------------------------


 NSTEP =    43500   TIME(PS) =  918206.993  TEMP(K) =   296.64  PRESS =     0.0
 Etot   =   -170206.1909  EKtot   =     29516.1738  EPtot      =   -199722.3648
 BOND   =      1363.7555  ANGLE   =      3923.2135  DIHED      =      2281.2357
 UB     =         0.0000  IMP     =         0.0000  CMAP       =       352.4626
 1-4 NB =      1445.8585  1-4 EEL =     18803.1833  VDWAALS    =     33873.6490
 EELEC  =   -261765.7229  EHBOND  =         0.0000  RESTRAINT  =         0.0000
 EKCMT  =         0.0000  VIRIAL  =         0.0000  VOLUME     =    469623.8502
                                                    Density    =         1.0548
 ------------------------------------------------------------------------------


 NSTEP =    44000   TIME(PS) =  918207.993  TEMP(K) =   299.43  PRESS =     0.0
 Etot   =   -170395.5981  EKtot   =     29793.7402  EPtot      =   -200189.3384
 BOND   =      1418.3209  ANGLE   =      3827.3626  DIHED      =      2247.8876
 UB     =         0.0000  IMP     =         0.0000  CMAP       =       352.9524
 1-4 NB =      1438.6174  1-4 EEL =     18794.2915  VDWAALS    =     34487.8684
 EELEC  =   -262756.6392  EHBOND  =         0.0000  RESTRAINT  =         0.0000
 EKCMT  =         0.0000  VIRIAL  =         0.0000  VOLUME     =    469793.0575
                                                    Density    =         1.0544
 ------------------------------------------------------------------------------


 NSTEP =    44500   TIME(PS) =  918208.993  TEMP(K) =   299.09  PRESS =     0.0
 Etot   =   -170445.2453  EKtot   =     29759.8652  EPtot      =   -200205.1105
 BOND   =      1338.0743  ANGLE   =      3893.4543  DIHED      =      2264.6522
 UB     =         0.0000  IMP     =         0.0000  CMAP       =       351.1695
 1-4 NB =      1427.9231  1-4 EEL =     18717.4706  VDWAALS    =     34245.2123
 EELEC  =   -262443.0668  EHBOND  =         0.0000  RESTRAINT  =         0.0000
 EKCMT  =         0.0000  VIRIAL  =         0.0000  VOLUME     =    469793.0575
                                                    Density    =         1.0544
 ------------------------------------------------------------------------------

wrapping first mol.:       56.53681       79.95512        0.00000

 NSTEP =    45000   TIME(PS) =  918209.993  TEMP(K) =   299.06  PRESS =     0.0
 Etot   =   -170641.6064  EKtot   =     29757.6875  EPtot      =   -200399.2939
 BOND   =      1372.5140  ANGLE   =      3862.7904  DIHED      =      2266.6069
 UB     =         0.0000  IMP     =         0.0000  CMAP       =       346.3970
 1-4 NB =      1440.1890  1-4 EEL =     18766.8155  VDWAALS    =     34497.2039
 EELEC  =   -262951.8107  EHBOND  =         0.0000  RESTRAINT  =         0.0000
 EKCMT  =         0.0000  VIRIAL  =         0.0000  VOLUME     =    469510.9364
                                                    Density    =         1.0550
 ------------------------------------------------------------------------------


 NSTEP =    45500   TIME(PS) =  918210.993  TEMP(K) =   299.62  PRESS =     0.0
 Etot   =   -170581.2292  EKtot   =     29812.9375  EPtot      =   -200394.1667
 BOND   =      1340.0174  ANGLE   =      3875.0141  DIHED      =      2250.9797
 UB     =         0.0000  IMP     =         0.0000  CMAP       =       360.0088
 1-4 NB =      1437.0954  1-4 EEL =     18859.7579  VDWAALS    =     34198.7184
 EELEC  =   -262715.7584  EHBOND  =         0.0000  RESTRAINT  =         0.0000
 EKCMT  =         0.0000  VIRIAL  =         0.0000  VOLUME     =    470363.1014
                                                    Density    =         1.0531
 ------------------------------------------------------------------------------


 NSTEP =    46000   TIME(PS) =  918211.993  TEMP(K) =   298.22  PRESS =     0.0
 Etot   =   -170773.6065  EKtot   =     29673.6211  EPtot      =   -200447.2276
 BOND   =      1370.4347  ANGLE   =      3857.8401  DIHED      =      2245.4366
 UB     =         0.0000  IMP     =         0.0000  CMAP       =       357.0278
 1-4 NB =      1434.8570  1-4 EEL =     18791.0465  VDWAALS    =     34293.6236
 EELEC  =   -262797.4939  EHBOND  =         0.0000  RESTRAINT  =         0.0000
 EKCMT  =         0.0000  VIRIAL  =         0.0000  VOLUME     =    470358.8624
                                                    Density    =         1.0531
 ------------------------------------------------------------------------------


 NSTEP =    46500   TIME(PS) =  918212.993  TEMP(K) =   299.73  PRESS =     0.0
 Etot   =   -170539.7366  EKtot   =     29823.6133  EPtot      =   -200363.3499
 BOND   =      1356.6102  ANGLE   =      3813.9092  DIHED      =      2288.0343
 UB     =         0.0000  IMP     =         0.0000  CMAP       =       355.7433
 1-4 NB =      1456.9859  1-4 EEL =     18747.0586  VDWAALS    =     34237.1371
 EELEC  =   -262618.8285  EHBOND  =         0.0000  RESTRAINT  =         0.0000
 EKCMT  =         0.0000  VIRIAL  =         0.0000  VOLUME     =    470200.9124
                                                    Density    =         1.0535
 ------------------------------------------------------------------------------


 NSTEP =    47000   TIME(PS) =  918213.993  TEMP(K) =   298.79  PRESS =     0.0
 Etot   =   -170492.7719  EKtot   =     29730.0879  EPtot      =   -200222.8597
 BOND   =      1425.7695  ANGLE   =      3837.8303  DIHED      =      2230.8348
 UB     =         0.0000  IMP     =         0.0000  CMAP       =       351.4015
 1-4 NB =      1424.7652  1-4 EEL =     18771.8401  VDWAALS    =     34464.8536
 EELEC  =   -262730.1547  EHBOND  =         0.0000  RESTRAINT  =         0.0000
 EKCMT  =         0.0000  VIRIAL  =         0.0000  VOLUME     =    469802.4196
                                                    Density    =         1.0544
 ------------------------------------------------------------------------------


 NSTEP =    47500   TIME(PS) =  918214.993  TEMP(K) =   297.05  PRESS =     0.0
 Etot   =   -170867.4637  EKtot   =     29557.2715  EPtot      =   -200424.7352
 BOND   =      1366.9301  ANGLE   =      3795.7110  DIHED      =      2193.9463
 UB     =         0.0000  IMP     =         0.0000  CMAP       =       355.1862
 1-4 NB =      1467.4293  1-4 EEL =     18781.7550  VDWAALS    =     34405.7561
 EELEC  =   -262791.4492  EHBOND  =         0.0000  RESTRAINT  =         0.0000
 EKCMT  =         0.0000  VIRIAL  =         0.0000  VOLUME     =    470011.7443
                                                    Density    =         1.0539
 ------------------------------------------------------------------------------


 NSTEP =    48000   TIME(PS) =  918215.993  TEMP(K) =   296.69  PRESS =     0.0
 Etot   =   -170827.1608  EKtot   =     29521.6484  EPtot      =   -200348.8093
 BOND   =      1354.8106  ANGLE   =      3835.8873  DIHED      =      2268.2308
 UB     =         0.0000  IMP     =         0.0000  CMAP       =       334.3997
 1-4 NB =      1459.2925  1-4 EEL =     18834.5357  VDWAALS    =     34536.1905
 EELEC  =   -262972.1563  EHBOND  =         0.0000  RESTRAINT  =         0.0000
 EKCMT  =         0.0000  VIRIAL  =         0.0000  VOLUME     =    470122.8557
                                                    Density    =         1.0537
 ------------------------------------------------------------------------------


 NSTEP =    48500   TIME(PS) =  918216.993  TEMP(K) =   295.42  PRESS =     0.0
 Etot   =   -170763.5211  EKtot   =     29394.9102  EPtot      =   -200158.4312
 BOND   =      1350.7892  ANGLE   =      3857.0131  DIHED      =      2275.3025
 UB     =         0.0000  IMP     =         0.0000  CMAP       =       344.5383
 1-4 NB =      1469.0216  1-4 EEL =     18904.8866  VDWAALS    =     34258.0960
 EELEC  =   -262618.0786  EHBOND  =         0.0000  RESTRAINT  =         0.0000
 EKCMT  =         0.0000  VIRIAL  =         0.0000  VOLUME     =    470140.0100
                                                    Density    =         1.0536
 ------------------------------------------------------------------------------


 NSTEP =    49000   TIME(PS) =  918217.993  TEMP(K) =   295.96  PRESS =     0.0
 Etot   =   -170431.4918  EKtot   =     29448.5762  EPtot      =   -199880.0679
 BOND   =      1400.0559  ANGLE   =      3870.9734  DIHED      =      2258.0119
 UB     =         0.0000  IMP     =         0.0000  CMAP       =       356.5702
 1-4 NB =      1428.8485  1-4 EEL =     18794.0191  VDWAALS    =     34484.0274
 EELEC  =   -262472.5744  EHBOND  =         0.0000  RESTRAINT  =         0.0000
 EKCMT  =         0.0000  VIRIAL  =         0.0000  VOLUME     =    470140.0100
                                                    Density    =         1.0536
 ------------------------------------------------------------------------------


 NSTEP =    49500   TIME(PS) =  918218.993  TEMP(K) =   297.05  PRESS =     0.0
 Etot   =   -170601.0748  EKtot   =     29557.5664  EPtot      =   -200158.6412
 BOND   =      1364.3314  ANGLE   =      3820.4515  DIHED      =      2252.7279
 UB     =         0.0000  IMP     =         0.0000  CMAP       =       350.1788
 1-4 NB =      1469.6436  1-4 EEL =     18865.0955  VDWAALS    =     34529.0739
 EELEC  =   -262810.1439  EHBOND  =         0.0000  RESTRAINT  =         0.0000
 EKCMT  =         0.0000  VIRIAL  =         0.0000  VOLUME     =    470549.9252
                                                    Density    =         1.0527
 ------------------------------------------------------------------------------

wrapping first mol.:       56.59023       80.03067        0.00000
wrapping first mol.:       56.59023       80.03067        0.00000

 NSTEP =    50000   TIME(PS) =  918219.993  TEMP(K) =   299.78  PRESS =     0.0
 Etot   =   -170528.7654  EKtot   =     29828.4707  EPtot      =   -200357.2361
 BOND   =      1357.2116  ANGLE   =      3833.9183  DIHED      =      2254.7478
 UB     =         0.0000  IMP     =         0.0000  CMAP       =       359.2989
 1-4 NB =      1457.4293  1-4 EEL =     18799.5702  VDWAALS    =     33944.1480
 EELEC  =   -262363.5602  EHBOND  =         0.0000  RESTRAINT  =         0.0000
 EKCMT  =         0.0000  VIRIAL  =         0.0000  VOLUME     =    470843.1832
                                                    Density    =         1.0521
 ------------------------------------------------------------------------------


      A V E R A G E S   O V E R     100 S T E P S


 NSTEP =    50000   TIME(PS) =  918219.993  TEMP(K) =   298.00  PRESS =     0.0
 Etot   =   -170576.8706  EKtot   =     29651.5202  EPtot      =   -200228.3908
 BOND   =      1379.4758  ANGLE   =      3866.4019  DIHED      =      2272.9261
 UB     =         0.0000  IMP     =         0.0000  CMAP       =       362.2486
 1-4 NB =      1440.7124  1-4 EEL =     18840.0203  VDWAALS    =     34352.4138
 EELEC  =   -262742.5898  EHBOND  =         0.0000  RESTRAINT  =         0.0000
 EKCMT  =         0.0000  VIRIAL  =         0.0000  VOLUME     =    471307.3562
                                                    Density    =         1.0510
 ------------------------------------------------------------------------------


      R M S  F L U C T U A T I O N S


 NSTEP =    50000   TIME(PS) =  918219.993  TEMP(K) =     1.23  PRESS =     0.0
 Etot   =       227.0393  EKtot   =       122.3916  EPtot      =       211.0013
 BOND   =        36.7625  ANGLE   =        54.1708  DIHED      =        23.8626
 UB     =         0.0000  IMP     =         0.0000  CMAP       =         9.7030
 1-4 NB =        14.5649  1-4 EEL =        59.0068  VDWAALS    =       230.2262
 EELEC  =       372.1107  EHBOND  =         0.0000  RESTRAINT  =         0.0000
 EKCMT  =         0.0000  VIRIAL  =         0.0000  VOLUME     =      1061.1296
                                                    Density    =         0.0024
 ------------------------------------------------------------------------------

| MC Barostat:        500 volume changes attempted.
| MC Barostat:        117 changes successful ( 23.40%)
 ------------------------------------------------------------------------------

--------------------------------------------------------------------------------
   5.  TIMINGS
--------------------------------------------------------------------------------

|  NonSetup CPU Time in Major Routines:
|
|     Routine           Sec        %
|     ------------------------------
|     Nonbond           6.41    6.60
|     Bond              0.00    0.00
|     Angle             0.00    0.00
|     Dihedral          0.00    0.00
|     Shake             0.18    0.19
|     RunMD            89.38   91.94
|     Other             1.24    1.28
|     ------------------------------
|     Total            97.22

|  PME Nonbond Pairlist CPU Time:
|
|     Routine              Sec        %
|     ---------------------------------
|     Set Up Cit           0.00    0.00
|     Build List           0.00    0.00
|     ---------------------------------
|     Total                0.00    0.00

|  PME Direct Force CPU Time:
|
|     Routine              Sec        %
|     ---------------------------------
|     NonBonded Calc       0.00    0.00
|     Exclude Masked       0.00    0.00
|     Other                0.12    0.13
|     ---------------------------------
|     Total                0.12    0.13

|  PME Reciprocal Force CPU Time:
|
|     Routine              Sec        %
|     ---------------------------------
|     1D bspline           0.00    0.00
|     Grid Charges         0.00    0.00
|     Scalar Sum           0.00    0.00
|     Gradient Sum         0.00    0.00
|     FFT                  0.00    0.00
|     ---------------------------------
|     Total                0.00    0.00

|  Final Performance Info:
|     -----------------------------------------------------
|     Average timings for last   19000 steps:
|     Elapsed(s) =      37.07 Per Step(ms) =       1.95
|         ns/day =      88.56   seconds/ns =     975.66
|
|     Average timings for all steps:
|     Elapsed(s) =      97.37 Per Step(ms) =       1.95
|         ns/day =      88.74   seconds/ns =     973.65
|     -----------------------------------------------------

|  Setup CPU time:            0.98 seconds
|  NonSetup CPU time:        97.22 seconds
|  Total CPU time:           98.20 seconds     0.03 hours

|  Setup wall time:           1    seconds
|  NonSetup wall time:       97    seconds
|  Total wall time:          98    seconds     0.03 hours
